This is pdfTeX, Version 3.141592653-2.6-1.40.29 (TeX Live 2026) (preloaded format=pdflatex 2026.3.2)  4 MAR 2026 22:09
entering extended mode
 restricted \write18 enabled.
 %&-line parsing enabled.
**main.tex
(./main.tex
LaTeX2e <2025-11-01>
L3 programming layer <2026-01-19>
(/home/wslasus/.TinyTeX/texmf-dist/tex/latex/beamer/beamer.cls
Document Class: beamer 2026/01/22 v3.77 A class for typesetting presentations
(/home/wslasus/.TinyTeX/texmf-dist/tex/latex/beamer/beamerbasemodes.sty (/home/wslasus/.TinyTeX/texmf-dist/tex/latex/etoolbox/etoolbox.sty
Package: etoolbox 2025/10/02 v2.5m e-TeX tools for LaTeX (JAW)
\etb@tempcnta=\count275
)
\beamer@tempbox=\box53
\beamer@tempcount=\count276
\c@beamerpauses=\count277
 (/home/wslasus/.TinyTeX/texmf-dist/tex/latex/beamer/beamerbasedecode.sty
\beamer@slideinframe=\count278
\beamer@minimum=\count279
\beamer@decode@box=\box54
)
\beamer@commentbox=\box55
\beamer@modecount=\count280
) (/home/wslasus/.TinyTeX/texmf-dist/tex/generic/iftex/iftex.sty
Package: iftex 2024/12/12 v1.0g TeX engine tests
)
\headdp=\dimen148
\footheight=\dimen149
\sidebarheight=\dimen150
\beamer@tempdim=\dimen151
\beamer@finalheight=\dimen152
\beamer@animht=\dimen153
\beamer@animdp=\dimen154
\beamer@animwd=\dimen155
\beamer@leftmargin=\dimen156
\beamer@rightmargin=\dimen157
\beamer@leftsidebar=\dimen158
\beamer@rightsidebar=\dimen159
\beamer@boxsize=\dimen160
\beamer@vboxoffset=\dimen161
\beamer@descdefault=\dimen162
\beamer@descriptionwidth=\dimen163
\beamer@lastskip=\skip49
\beamer@areabox=\box56
\beamer@animcurrent=\box57
\beamer@animshowbox=\box58
\beamer@sectionbox=\box59
\beamer@logobox=\box60
\beamer@linebox=\box61
\beamer@sectioncount=\count281
\beamer@subsubsectionmax=\count282
\beamer@subsectionmax=\count283
\beamer@sectionmax=\count284
\beamer@totalheads=\count285
\beamer@headcounter=\count286
\beamer@partstartpage=\count287
\beamer@sectionstartpage=\count288
\beamer@subsectionstartpage=\count289
\beamer@animationtempa=\count290
\beamer@animationtempb=\count291
\beamer@xpos=\count292
\beamer@ypos=\count293
\beamer@ypos@offset=\count294
\beamer@showpartnumber=\count295
\beamer@currentsubsection=\count296
\beamer@coveringdepth=\count297
\beamer@sectionadjust=\count298
\beamer@toclastsection=\count299
\beamer@tocsectionnumber=\count300
 (/home/wslasus/.TinyTeX/texmf-dist/tex/latex/beamer/beamerbaseoptions.sty (/home/wslasus/.TinyTeX/texmf-dist/tex/latex/graphics/keyval.sty
Package: keyval 2022/05/29 v1.15 key=value parser (DPC)
\KV@toks@=\toks17
))
\beamer@paperwidth=\skip50
\beamer@paperheight=\skip51
 (/home/wslasus/.TinyTeX/texmf-dist/tex/latex/geometry/geometry.sty
Package: geometry 2020/01/02 v5.9 Page Geometry
 (/home/wslasus/.TinyTeX/texmf-dist/tex/generic/iftex/ifvtex.sty
Package: ifvtex 2019/10/25 v1.7 ifvtex legacy package. Use iftex instead.
)
\Gm@cnth=\count301
\Gm@cntv=\count302
\c@Gm@tempcnt=\count303
\Gm@bindingoffset=\dimen164
\Gm@wd@mp=\dimen165
\Gm@odd@mp=\dimen166
\Gm@even@mp=\dimen167
\Gm@layoutwidth=\dimen168
\Gm@layoutheight=\dimen169
\Gm@layouthoffset=\dimen170
\Gm@layoutvoffset=\dimen171
\Gm@dimlist=\toks18
) (/home/wslasus/.TinyTeX/texmf-dist/tex/latex/pgf/math/pgfmath.sty (/home/wslasus/.TinyTeX/texmf-dist/tex/latex/pgf/utilities/pgfrcs.sty (/home/wslasus/.TinyTeX/texmf-dist/tex/generic/pgf/utilities/pgfutil-common.tex
\pgfutil@everybye=\toks19
\pgfutil@tempdima=\dimen172
\pgfutil@tempdimb=\dimen173
) (/home/wslasus/.TinyTeX/texmf-dist/tex/generic/pgf/utilities/pgfutil-latex.def
\pgfutil@abb=\box62
) (/home/wslasus/.TinyTeX/texmf-dist/tex/generic/pgf/utilities/pgfrcs.code.tex (/home/wslasus/.TinyTeX/texmf-dist/tex/generic/pgf/pgf.revision.tex)
Package: pgfrcs 2025-08-29 v3.1.11a (3.1.11a)
)) (/home/wslasus/.TinyTeX/texmf-dist/tex/latex/pgf/utilities/pgfkeys.sty (/home/wslasus/.TinyTeX/texmf-dist/tex/generic/pgf/utilities/pgfkeys.code.tex
\pgfkeys@pathtoks=\toks20
\pgfkeys@temptoks=\toks21
 (/home/wslasus/.TinyTeX/texmf-dist/tex/generic/pgf/utilities/pgfkeyslibraryfiltered.code.tex
\pgfkeys@tmptoks=\toks22
))) (/home/wslasus/.TinyTeX/texmf-dist/tex/generic/pgf/math/pgfmath.code.tex (/home/wslasus/.TinyTeX/texmf-dist/tex/generic/pgf/math/pgfmathutil.code.tex
\pgf@x=\dimen174
\pgf@xa=\dimen175
\pgf@xb=\dimen176
\pgf@xc=\dimen177
\pgf@y=\dimen178
\pgf@ya=\dimen179
\pgf@yb=\dimen180
\pgf@yc=\dimen181
\c@pgf@counta=\count304
\c@pgf@countb=\count305
\c@pgf@countc=\count306
\c@pgf@countd=\count307
) (/home/wslasus/.TinyTeX/texmf-dist/tex/generic/pgf/math/pgfmathparser.code.tex
\pgfmath@dimen=\dimen182
\pgfmath@count=\count308
\pgfmath@box=\box63
\pgfmath@toks=\toks23
\pgfmath@stack@operand=\toks24
\pgfmath@stack@operation=\toks25
) (/home/wslasus/.TinyTeX/texmf-dist/tex/generic/pgf/math/pgfmathfunctions.code.tex) (/home/wslasus/.TinyTeX/texmf-dist/tex/generic/pgf/math/pgfmathfunctions.basic.code.tex) (/home/wslasus/.TinyTeX/texmf-dist/tex/generic/pgf/math/pgfmathfunctions.trigonometric.code.tex) (/home/wslasus/.TinyTeX/texmf-dist/tex/generic/pgf/math/pgfmathfunctions.random.code.tex) (/home/wslasus/.TinyTeX/texmf-dist/tex/generic/pgf/math/pgfmathfunctions.comparison.code.tex) (/home/wslasus/.TinyTeX/texmf-dist/tex/generic/pgf/math/pgfmathfunctions.base.code.tex) (/home/wslasus/.TinyTeX/texmf-dist/tex/generic/pgf/math/pgfmathfunctions.round.code.tex) (/home/wslasus/.TinyTeX/texmf-dist/tex/generic/pgf/math/pgfmathfunctions.misc.code.tex) (/home/wslasus/.TinyTeX/texmf-dist/tex/generic/pgf/math/pgfmathfunctions.integerarithmetics.code.tex) (/home/wslasus/.TinyTeX/texmf-dist/tex/generic/pgf/math/pgfmathcalc.code.tex) (/home/wslasus/.TinyTeX/texmf-dist/tex/generic/pgf/math/pgfmathfloat.code.tex
\c@pgfmathroundto@lastzeros=\count309
))) (/home/wslasus/.TinyTeX/texmf-dist/tex/latex/base/size11.clo
File: size11.clo 2025/01/22 v1.4n Standard LaTeX file (size option)
) (/home/wslasus/.TinyTeX/texmf-dist/tex/latex/pgf/basiclayer/pgfcore.sty (/home/wslasus/.TinyTeX/texmf-dist/tex/latex/graphics/graphicx.sty
Package: graphicx 2024/12/31 v1.2e Enhanced LaTeX Graphics (DPC,SPQR)
 (/home/wslasus/.TinyTeX/texmf-dist/tex/latex/graphics/graphics.sty
Package: graphics 2024/08/06 v1.4g Standard LaTeX Graphics (DPC,SPQR)
 (/home/wslasus/.TinyTeX/texmf-dist/tex/latex/graphics/trig.sty
Package: trig 2023/12/02 v1.11 sin cos tan (DPC)
) (/home/wslasus/.TinyTeX/texmf-dist/tex/latex/graphics-cfg/graphics.cfg
File: graphics.cfg 2016/06/04 v1.11 sample graphics configuration
)
Package graphics Info: Driver file: pdftex.def on input line 106.
 (/home/wslasus/.TinyTeX/texmf-dist/tex/latex/graphics-def/pdftex.def
File: pdftex.def 2025/09/29 v1.2d Graphics/color driver for pdftex
))
\Gin@req@height=\dimen183
\Gin@req@width=\dimen184
) (/home/wslasus/.TinyTeX/texmf-dist/tex/latex/pgf/systemlayer/pgfsys.sty (/home/wslasus/.TinyTeX/texmf-dist/tex/generic/pgf/systemlayer/pgfsys.code.tex
Package: pgfsys 2025-08-29 v3.1.11a (3.1.11a)
\pgf@x=\dimen185
\pgf@y=\dimen186
\pgf@xa=\dimen187
\pgf@ya=\dimen188
\pgf@xb=\dimen189
\pgf@yb=\dimen190
\pgf@xc=\dimen191
\pgf@yc=\dimen192
\pgf@xd=\dimen193
\pgf@yd=\dimen194
\w@pgf@writea=\write3
\r@pgf@reada=\read2
\c@pgf@counta=\count310
\c@pgf@countb=\count311
\c@pgf@countc=\count312
\c@pgf@countd=\count313
\t@pgf@toka=\toks26
\t@pgf@tokb=\toks27
\t@pgf@tokc=\toks28
\pgf@sys@id@count=\count314
 (/home/wslasus/.TinyTeX/texmf-dist/tex/generic/pgf/systemlayer/pgf.cfg
File: pgf.cfg 2025-08-29 v3.1.11a (3.1.11a)
)
Driver file for pgf: pgfsys-pdftex.def
 (/home/wslasus/.TinyTeX/texmf-dist/tex/generic/pgf/systemlayer/pgfsys-pdftex.def
File: pgfsys-pdftex.def 2025-08-29 v3.1.11a (3.1.11a)
 (/home/wslasus/.TinyTeX/texmf-dist/tex/generic/pgf/systemlayer/pgfsys-common-pdf.def
File: pgfsys-common-pdf.def 2025-08-29 v3.1.11a (3.1.11a)
))) (/home/wslasus/.TinyTeX/texmf-dist/tex/generic/pgf/systemlayer/pgfsyssoftpath.code.tex
File: pgfsyssoftpath.code.tex 2025-08-29 v3.1.11a (3.1.11a)
\pgfsyssoftpath@smallbuffer@items=\count315
\pgfsyssoftpath@bigbuffer@items=\count316
) (/home/wslasus/.TinyTeX/texmf-dist/tex/generic/pgf/systemlayer/pgfsysprotocol.code.tex
File: pgfsysprotocol.code.tex 2025-08-29 v3.1.11a (3.1.11a)
)) (/home/wslasus/.TinyTeX/texmf-dist/tex/latex/xcolor/xcolor.sty
Package: xcolor 2024/09/29 v3.02 LaTeX color extensions (UK)
 (/home/wslasus/.TinyTeX/texmf-dist/tex/latex/graphics-cfg/color.cfg
File: color.cfg 2016/01/02 v1.6 sample color configuration
)
Package xcolor Info: Driver file: pdftex.def on input line 274.
 (/home/wslasus/.TinyTeX/texmf-dist/tex/latex/graphics/mathcolor.ltx)
Package xcolor Info: Model `cmy' substituted by `cmy0' on input line 1349.
Package xcolor Info: Model `hsb' substituted by `rgb' on input line 1353.
Package xcolor Info: Model `RGB' extended on input line 1365.
Package xcolor Info: Model `HTML' substituted by `rgb' on input line 1367.
Package xcolor Info: Model `Hsb' substituted by `hsb' on input line 1368.
Package xcolor Info: Model `tHsb' substituted by `hsb' on input line 1369.
Package xcolor Info: Model `HSB' substituted by `hsb' on input line 1370.
Package xcolor Info: Model `Gray' substituted by `gray' on input line 1371.
Package xcolor Info: Model `wave' substituted by `hsb' on input line 1372.
) (/home/wslasus/.TinyTeX/texmf-dist/tex/generic/pgf/basiclayer/pgfcore.code.tex
Package: pgfcore 2025-08-29 v3.1.11a (3.1.11a)
 (/home/wslasus/.TinyTeX/texmf-dist/tex/generic/pgf/math/pgfint.code.tex) (/home/wslasus/.TinyTeX/texmf-dist/tex/generic/pgf/basiclayer/pgfcorepoints.code.tex
File: pgfcorepoints.code.tex 2025-08-29 v3.1.11a (3.1.11a)
\pgf@picminx=\dimen195
\pgf@picmaxx=\dimen196
\pgf@picminy=\dimen197
\pgf@picmaxy=\dimen198
\pgf@pathminx=\dimen199
\pgf@pathmaxx=\dimen256
\pgf@pathminy=\dimen257
\pgf@pathmaxy=\dimen258
\pgf@xx=\dimen259
\pgf@xy=\dimen260
\pgf@yx=\dimen261
\pgf@yy=\dimen262
\pgf@zx=\dimen263
\pgf@zy=\dimen264
) (/home/wslasus/.TinyTeX/texmf-dist/tex/generic/pgf/basiclayer/pgfcorepathconstruct.code.tex
File: pgfcorepathconstruct.code.tex 2025-08-29 v3.1.11a (3.1.11a)
\pgf@path@lastx=\dimen265
\pgf@path@lasty=\dimen266
) (/home/wslasus/.TinyTeX/texmf-dist/tex/generic/pgf/basiclayer/pgfcorepathusage.code.tex
File: pgfcorepathusage.code.tex 2025-08-29 v3.1.11a (3.1.11a)
\pgf@shorten@end@additional=\dimen267
\pgf@shorten@start@additional=\dimen268
) (/home/wslasus/.TinyTeX/texmf-dist/tex/generic/pgf/basiclayer/pgfcorescopes.code.tex
File: pgfcorescopes.code.tex 2025-08-29 v3.1.11a (3.1.11a)
\pgfpic=\box64
\pgf@hbox=\box65
\pgf@layerbox@main=\box66
\pgf@picture@serial@count=\count317
) (/home/wslasus/.TinyTeX/texmf-dist/tex/generic/pgf/basiclayer/pgfcoregraphicstate.code.tex
File: pgfcoregraphicstate.code.tex 2025-08-29 v3.1.11a (3.1.11a)
\pgflinewidth=\dimen269
) (/home/wslasus/.TinyTeX/texmf-dist/tex/generic/pgf/basiclayer/pgfcoretransformations.code.tex
File: pgfcoretransformations.code.tex 2025-08-29 v3.1.11a (3.1.11a)
\pgf@pt@x=\dimen270
\pgf@pt@y=\dimen271
\pgf@pt@temp=\dimen272
) (/home/wslasus/.TinyTeX/texmf-dist/tex/generic/pgf/basiclayer/pgfcorequick.code.tex
File: pgfcorequick.code.tex 2025-08-29 v3.1.11a (3.1.11a)
) (/home/wslasus/.TinyTeX/texmf-dist/tex/generic/pgf/basiclayer/pgfcoreobjects.code.tex
File: pgfcoreobjects.code.tex 2025-08-29 v3.1.11a (3.1.11a)
) (/home/wslasus/.TinyTeX/texmf-dist/tex/generic/pgf/basiclayer/pgfcorepathprocessing.code.tex
File: pgfcorepathprocessing.code.tex 2025-08-29 v3.1.11a (3.1.11a)
) (/home/wslasus/.TinyTeX/texmf-dist/tex/generic/pgf/basiclayer/pgfcorearrows.code.tex
File: pgfcorearrows.code.tex 2025-08-29 v3.1.11a (3.1.11a)
\pgfarrowsep=\dimen273
) (/home/wslasus/.TinyTeX/texmf-dist/tex/generic/pgf/basiclayer/pgfcoreshade.code.tex
File: pgfcoreshade.code.tex 2025-08-29 v3.1.11a (3.1.11a)
\pgf@max=\dimen274
\pgf@sys@shading@range@num=\count318
\pgf@shadingcount=\count319
) (/home/wslasus/.TinyTeX/texmf-dist/tex/generic/pgf/basiclayer/pgfcoreimage.code.tex
File: pgfcoreimage.code.tex 2025-08-29 v3.1.11a (3.1.11a)
) (/home/wslasus/.TinyTeX/texmf-dist/tex/generic/pgf/basiclayer/pgfcoreexternal.code.tex
File: pgfcoreexternal.code.tex 2025-08-29 v3.1.11a (3.1.11a)
\pgfexternal@startupbox=\box67
) (/home/wslasus/.TinyTeX/texmf-dist/tex/generic/pgf/basiclayer/pgfcorelayers.code.tex
File: pgfcorelayers.code.tex 2025-08-29 v3.1.11a (3.1.11a)
) (/home/wslasus/.TinyTeX/texmf-dist/tex/generic/pgf/basiclayer/pgfcoretransparency.code.tex
File: pgfcoretransparency.code.tex 2025-08-29 v3.1.11a (3.1.11a)
) (/home/wslasus/.TinyTeX/texmf-dist/tex/generic/pgf/basiclayer/pgfcorepatterns.code.tex
File: pgfcorepatterns.code.tex 2025-08-29 v3.1.11a (3.1.11a)
) (/home/wslasus/.TinyTeX/texmf-dist/tex/generic/pgf/basiclayer/pgfcorerdf.code.tex
File: pgfcorerdf.code.tex 2025-08-29 v3.1.11a (3.1.11a)
))) (/home/wslasus/.TinyTeX/texmf-dist/tex/latex/pgf/utilities/xxcolor.sty
Package: xxcolor 2003/10/24 ver 0.1
\XC@nummixins=\count320
\XC@countmixins=\count321
) (/home/wslasus/.TinyTeX/texmf-dist/tex/latex/base/atbegshi-ltx.sty
Package: atbegshi-ltx 2021/01/10 v1.0c Emulation of the original atbegshi
package with kernel methods
) (/home/wslasus/.TinyTeX/texmf-dist/tex/latex/hyperref/hyperref.sty
Package: hyperref 2026-01-29 v7.01p Hypertext links for LaTeX
 (/home/wslasus/.TinyTeX/texmf-dist/tex/latex/kvsetkeys/kvsetkeys.sty
Package: kvsetkeys 2022-10-05 v1.19 Key value parser (HO)
) (/home/wslasus/.TinyTeX/texmf-dist/tex/generic/kvdefinekeys/kvdefinekeys.sty
Package: kvdefinekeys 2019-12-19 v1.6 Define keys (HO)
) (/home/wslasus/.TinyTeX/texmf-dist/tex/generic/pdfescape/pdfescape.sty
Package: pdfescape 2019/12/09 v1.15 Implements pdfTeX's escape features (HO)
 (/home/wslasus/.TinyTeX/texmf-dist/tex/generic/ltxcmds/ltxcmds.sty
Package: ltxcmds 2023-12-04 v1.26 LaTeX kernel commands for general use (HO)
) (/home/wslasus/.TinyTeX/texmf-dist/tex/generic/pdftexcmds/pdftexcmds.sty
Package: pdftexcmds 2020-06-27 v0.33 Utility functions of pdfTeX for LuaTeX (HO)
 (/home/wslasus/.TinyTeX/texmf-dist/tex/generic/infwarerr/infwarerr.sty
Package: infwarerr 2019/12/03 v1.5 Providing info/warning/error messages (HO)
)
Package pdftexcmds Info: \pdf@primitive is available.
Package pdftexcmds Info: \pdf@ifprimitive is available.
Package pdftexcmds Info: \pdfdraftmode found.
)) (/home/wslasus/.TinyTeX/texmf-dist/tex/latex/hycolor/hycolor.sty
Package: hycolor 2020-01-27 v1.10 Color options for hyperref/bookmark (HO)
) (/home/wslasus/.TinyTeX/texmf-dist/tex/latex/hyperref/nameref.sty
Package: nameref 2026-01-29 v2.58 Cross-referencing by name of section
 (/home/wslasus/.TinyTeX/texmf-dist/tex/latex/refcount/refcount.sty
Package: refcount 2019/12/15 v3.6 Data extraction from label references (HO)
) (/home/wslasus/.TinyTeX/texmf-dist/tex/generic/gettitlestring/gettitlestring.sty
Package: gettitlestring 2019/12/15 v1.6 Cleanup title references (HO)
 (/home/wslasus/.TinyTeX/texmf-dist/tex/latex/kvoptions/kvoptions.sty
Package: kvoptions 2022-06-15 v3.15 Key value format for package options (HO)
))
\c@section@level=\count322
) (/home/wslasus/.TinyTeX/texmf-dist/tex/generic/stringenc/stringenc.sty
Package: stringenc 2019/11/29 v1.12 Convert strings between diff. encodings (HO)
)
\@linkdim=\dimen275
\Hy@linkcounter=\count323
\Hy@pagecounter=\count324
 (/home/wslasus/.TinyTeX/texmf-dist/tex/latex/hyperref/pd1enc.def
File: pd1enc.def 2026-01-29 v7.01p Hyperref: PDFDocEncoding definition (HO)
Now handling font encoding PD1 ...
... no UTF-8 mapping file for font encoding PD1
) (/home/wslasus/.TinyTeX/texmf-dist/tex/generic/intcalc/intcalc.sty
Package: intcalc 2019/12/15 v1.3 Expandable calculations with integers (HO)
)
\Hy@SavedSpaceFactor=\count325
 (/home/wslasus/.TinyTeX/texmf-dist/tex/latex/hyperref/puenc.def
File: puenc.def 2026-01-29 v7.01p Hyperref: PDF Unicode definition (HO)
Now handling font encoding PU ...
... no UTF-8 mapping file for font encoding PU
)
Package hyperref Info: Option `bookmarks' set `true' on input line 4072.
Package hyperref Info: Option `bookmarksopen' set `true' on input line 4072.
Package hyperref Info: Option `implicit' set `false' on input line 4072.
Package hyperref Info: Hyper figures OFF on input line 4201.
Package hyperref Info: Link nesting OFF on input line 4206.
Package hyperref Info: Hyper index ON on input line 4209.
Package hyperref Info: Plain pages OFF on input line 4216.
Package hyperref Info: Backreferencing OFF on input line 4221.
Package hyperref Info: Implicit mode OFF; no redefinition of LaTeX internals.
Package hyperref Info: Bookmarks ON on input line 4468.
\c@Hy@tempcnt=\count326
 (/home/wslasus/.TinyTeX/texmf-dist/tex/latex/url/url.sty
\Urlmuskip=\muskip17
Package: url 2013/09/16  ver 3.4  Verb mode for urls, etc.
)
LaTeX Info: Redefining \url on input line 4807.
\XeTeXLinkMargin=\dimen276
 (/home/wslasus/.TinyTeX/texmf-dist/tex/generic/bitset/bitset.sty
Package: bitset 2019/12/09 v1.3 Handle bit-vector datatype (HO)
 (/home/wslasus/.TinyTeX/texmf-dist/tex/generic/bigintcalc/bigintcalc.sty
Package: bigintcalc 2019/12/15 v1.5 Expandable calculations on big integers (HO)
))
\Fld@menulength=\count327
\Field@Width=\dimen277
\Fld@charsize=\dimen278
Package hyperref Info: Hyper figures OFF on input line 6084.
Package hyperref Info: Link nesting OFF on input line 6089.
Package hyperref Info: Hyper index ON on input line 6092.
Package hyperref Info: backreferencing OFF on input line 6099.
Package hyperref Info: Link coloring OFF on input line 6104.
Package hyperref Info: Link coloring with OCG OFF on input line 6109.
Package hyperref Info: PDF/A mode OFF on input line 6114.
\Hy@abspage=\count328


Package hyperref Message: Stopped early.

)
Package hyperref Info: Driver (autodetected): hpdftex.
 (/home/wslasus/.TinyTeX/texmf-dist/tex/latex/hyperref/hpdftex.def
File: hpdftex.def 2026-01-29 v7.01p Hyperref driver for pdfTeX
\Fld@listcount=\count329
\c@bookmark@seq@number=\count330
 (/home/wslasus/.TinyTeX/texmf-dist/tex/latex/rerunfilecheck/rerunfilecheck.sty
Package: rerunfilecheck 2025-06-21 v1.11 Rerun checks for auxiliary files (HO)
 (/home/wslasus/.TinyTeX/texmf-dist/tex/generic/uniquecounter/uniquecounter.sty
Package: uniquecounter 2019/12/15 v1.4 Provide unlimited unique counter (HO)
)
Package uniquecounter Info: New unique counter `rerunfilecheck' on input line 284.
)) (/home/wslasus/.TinyTeX/texmf-dist/tex/latex/beamer/beamerbaserequires.sty (/home/wslasus/.TinyTeX/texmf-dist/tex/latex/beamer/beamerbasecompatibility.sty) (/home/wslasus/.TinyTeX/texmf-dist/tex/latex/beamer/beamerbasefont.sty (/home/wslasus/.TinyTeX/texmf-dist/tex/latex/amsfonts/amssymb.sty
Package: amssymb 2013/01/14 v3.01 AMS font symbols
 (/home/wslasus/.TinyTeX/texmf-dist/tex/latex/amsfonts/amsfonts.sty
Package: amsfonts 2013/01/14 v3.01 Basic AMSFonts support
\@emptytoks=\toks29
\symAMSa=\mathgroup4
\symAMSb=\mathgroup5
LaTeX Font Info:    Redeclaring math symbol \hbar on input line 98.
LaTeX Font Info:    Overwriting math alphabet `\mathfrak' in version `bold'
(Font)                  U/euf/m/n --> U/euf/b/n on input line 106.
))) (/home/wslasus/.TinyTeX/texmf-dist/tex/latex/beamer/beamerbasetranslator.sty (/home/wslasus/.TinyTeX/texmf-dist/tex/latex/translator/translator.sty
Package: translator 2021-05-31 v1.12d Easy translation of strings in LaTeX
)) (/home/wslasus/.TinyTeX/texmf-dist/tex/latex/beamer/beamerbasemisc.sty) (/home/wslasus/.TinyTeX/texmf-dist/tex/latex/beamer/beamerbasetwoscreens.sty) (/home/wslasus/.TinyTeX/texmf-dist/tex/latex/beamer/beamerbaseoverlay.sty
\beamer@argscount=\count331
\beamer@lastskipcover=\skip52
\beamer@trivlistdepth=\count332
) (/home/wslasus/.TinyTeX/texmf-dist/tex/latex/beamer/beamerbasetitle.sty) (/home/wslasus/.TinyTeX/texmf-dist/tex/latex/beamer/beamerbasesection.sty
\c@lecture=\count333
\c@part=\count334
\c@section=\count335
\c@subsection=\count336
\c@subsubsection=\count337
) (/home/wslasus/.TinyTeX/texmf-dist/tex/latex/beamer/beamerbaseframe.sty
\beamer@framebox=\box68
\beamer@frametitlebox=\box69
\beamer@zoombox=\box70
\beamer@zoomcount=\count338
\beamer@zoomframecount=\count339
\beamer@frametextheight=\dimen279
\c@subsectionslide=\count340
\beamer@frametopskip=\skip53
\beamer@framebottomskip=\skip54
\beamer@frametopskipautobreak=\skip55
\beamer@framebottomskipautobreak=\skip56
\beamer@envbody=\toks30
\framewidth=\dimen280
\c@framenumber=\count341
) (/home/wslasus/.TinyTeX/texmf-dist/tex/latex/beamer/beamerbaseverbatim.sty
\beamer@verbatimfileout=\write4
) (/home/wslasus/.TinyTeX/texmf-dist/tex/latex/beamer/beamerbaseframesize.sty
\beamer@splitbox=\box71
\beamer@autobreakcount=\count342
\beamer@autobreaklastheight=\dimen281
\beamer@frametitletoks=\toks31
\beamer@framesubtitletoks=\toks32
) (/home/wslasus/.TinyTeX/texmf-dist/tex/latex/beamer/beamerbaseframecomponents.sty
\beamer@colheight=\skip57
\beamer@footins=\box72
) (/home/wslasus/.TinyTeX/texmf-dist/tex/latex/beamer/beamerbasecolor.sty) (/home/wslasus/.TinyTeX/texmf-dist/tex/latex/beamer/beamerbasenotes.sty
\beamer@frameboxcopy=\box73
) (/home/wslasus/.TinyTeX/texmf-dist/tex/latex/beamer/beamerbasetoc.sty) (/home/wslasus/.TinyTeX/texmf-dist/tex/latex/beamer/beamerbasetemplates.sty
\beamer@sbttoks=\toks33
 (/home/wslasus/.TinyTeX/texmf-dist/tex/latex/beamer/beamerbaseauxtemplates.sty (/home/wslasus/.TinyTeX/texmf-dist/tex/latex/beamer/beamerbaseboxes.sty
\bmb@box=\box74
\bmb@colorbox=\box75
\bmb@boxwidth=\dimen282
\bmb@boxheight=\dimen283
\bmb@prevheight=\dimen284
\bmb@temp=\dimen285
\bmb@dima=\dimen286
\bmb@dimb=\dimen287
\bmb@prevheight=\dimen288
)
\beamer@blockheadheight=\dimen289
)) (/home/wslasus/.TinyTeX/texmf-dist/tex/latex/beamer/beamerbaselocalstructure.sty (/home/wslasus/.TinyTeX/texmf-dist/tex/latex/tools/enumerate.sty
Package: enumerate 2023/07/04 v3.00 enumerate extensions (DPC)
\@enLab=\toks34
)
\beamer@bibiconwidth=\skip58
\c@figure=\count343
\c@table=\count344
\abovecaptionskip=\skip59
\belowcaptionskip=\skip60
) (/home/wslasus/.TinyTeX/texmf-dist/tex/latex/beamer/beamerbasenavigation.sty (/home/wslasus/.TinyTeX/texmf-dist/tex/latex/beamer/beamerbasenavigationsymbols.tex)
\beamer@section@min@dim=\dimen290
) (/home/wslasus/.TinyTeX/texmf-dist/tex/latex/beamer/beamerbasetheorems.sty (/home/wslasus/.TinyTeX/texmf-dist/tex/latex/amsmath/amsmath.sty
Package: amsmath 2025/07/09 v2.17z AMS math features
\@mathmargin=\skip61

For additional information on amsmath, use the `?' option.
(/home/wslasus/.TinyTeX/texmf-dist/tex/latex/amsmath/amstext.sty
Package: amstext 2024/11/17 v2.01 AMS text
 (/home/wslasus/.TinyTeX/texmf-dist/tex/latex/amsmath/amsgen.sty
File: amsgen.sty 1999/11/30 v2.0 generic functions
\@emptytoks=\toks35
\ex@=\dimen291
)) (/home/wslasus/.TinyTeX/texmf-dist/tex/latex/amsmath/amsbsy.sty
Package: amsbsy 1999/11/29 v1.2d Bold Symbols
\pmbraise@=\dimen292
) (/home/wslasus/.TinyTeX/texmf-dist/tex/latex/amsmath/amsopn.sty
Package: amsopn 2022/04/08 v2.04 operator names
)
\inf@bad=\count345
LaTeX Info: Redefining \frac on input line 233.
\uproot@=\count346
\leftroot@=\count347
LaTeX Info: Redefining \overline on input line 398.
LaTeX Info: Redefining \colon on input line 409.
\classnum@=\count348
\DOTSCASE@=\count349
LaTeX Info: Redefining \ldots on input line 495.
LaTeX Info: Redefining \dots on input line 498.
LaTeX Info: Redefining \cdots on input line 619.
\Mathstrutbox@=\box76
\strutbox@=\box77
LaTeX Info: Redefining \big on input line 721.
LaTeX Info: Redefining \Big on input line 722.
LaTeX Info: Redefining \bigg on input line 723.
LaTeX Info: Redefining \Bigg on input line 724.
\big@size=\dimen293
LaTeX Font Info:    Redeclaring font encoding OML on input line 742.
LaTeX Font Info:    Redeclaring font encoding OMS on input line 743.
\macc@depth=\count350
LaTeX Info: Redefining \bmod on input line 904.
LaTeX Info: Redefining \pmod on input line 909.
LaTeX Info: Redefining \smash on input line 939.
LaTeX Info: Redefining \relbar on input line 969.
LaTeX Info: Redefining \Relbar on input line 970.
\c@MaxMatrixCols=\count351
\dotsspace@=\muskip18
\c@parentequation=\count352
\dspbrk@lvl=\count353
\tag@help=\toks36
\row@=\count354
\column@=\count355
\maxfields@=\count356
\andhelp@=\toks37
\eqnshift@=\dimen294
\alignsep@=\dimen295
\tagshift@=\dimen296
\tagwidth@=\dimen297
\totwidth@=\dimen298
\lineht@=\dimen299
\@envbody=\toks38
\multlinegap=\skip62
\multlinetaggap=\skip63
\mathdisplay@stack=\toks39
LaTeX Info: Redefining \[ on input line 2950.
LaTeX Info: Redefining \] on input line 2951.
) (/home/wslasus/.TinyTeX/texmf-dist/tex/latex/amscls/amsthm.sty
Package: amsthm 2020/05/29 v2.20.6
\thm@style=\toks40
\thm@bodyfont=\toks41
\thm@headfont=\toks42
\thm@notefont=\toks43
\thm@headpunct=\toks44
\thm@preskip=\skip64
\thm@postskip=\skip65
\thm@headsep=\skip66
\dth@everypar=\toks45
)
\c@theorem=\count357
) (/home/wslasus/.TinyTeX/texmf-dist/tex/latex/beamer/beamerbasethemes.sty)) (/home/wslasus/.TinyTeX/texmf-dist/tex/latex/beamer/beamerthemedefault.sty (/home/wslasus/.TinyTeX/texmf-dist/tex/latex/beamer/beamerfontthemedefault.sty) (/home/wslasus/.TinyTeX/texmf-dist/tex/latex/beamer/beamercolorthemedefault.sty) (/home/wslasus/.TinyTeX/texmf-dist/tex/latex/beamer/beamerinnerthemedefault.sty
\beamer@dima=\dimen300
\beamer@dimb=\dimen301
) (/home/wslasus/.TinyTeX/texmf-dist/tex/latex/beamer/beamerouterthemedefault.sty))) (/home/wslasus/.TinyTeX/texmf-dist/tex/latex/base/fontenc.sty
Package: fontenc 2025/07/18 v2.1d Standard LaTeX package
) (/home/wslasus/.TinyTeX/texmf-dist/tex/generic/babel/babel.sty
Package: babel 2026/02/14 v26.3 The multilingual framework for LuaLaTeX, pdfLaTeX and XeLaTeX
\babel@savecnt=\count358
LaTeX Encoding Info:    Redeclaring text command \ij (encoding OT1) on input line 2078.
LaTeX Encoding Info:    Redeclaring text command \IJ (encoding OT1) on input line 2080.
LaTeX Encoding Info:    Redeclaring text command \ij (encoding T1) on input line 2082.
LaTeX Encoding Info:    Redeclaring text command \IJ (encoding T1) on input line 2083.
LaTeX Encoding Info:    Ignoring declaration for text command \ij (encoding ?) on input line 2084.
LaTeX Encoding Info:    Ignoring declaration for text command \IJ (encoding ?) on input line 2086.
LaTeX Encoding Info:    Ignoring declaration for text command \SS (encoding ?) on input line 2111.
\U@D=\dimen302
\l@unhyphenated=\language3
 (/home/wslasus/.TinyTeX/texmf-dist/tex/generic/babel/txtbabel.def)
\bbl@readstream=\read3
LaTeX Info: Redefining \textlatin on input line 3974.
\bbl@dirlevel=\count359
 (/home/wslasus/.TinyTeX/texmf-dist/tex/generic/babel/locale/invalid/babel-brazil.tex)

Package babel Warning: Name 'brazil' is deprecated.
(babel)                Use 'brazilian' instead.
(babel)                Reported on input line 4330.

Package babel Info: Importing font and identification data for brazil
(babel)             from babel-pt-BR.ini. Reported on input line 4330.
(/home/wslasus/.TinyTeX/texmf-dist/tex/generic/babel-portuges/brazilian.ldf
Language: portuges 2026/01/24 v1.2u Portuguese support from the babel system


Package babel Warning: No hyphenation patterns were preloaded for
(babel)                the language 'Portuguese' into the format.
(babel)                Please, configure your TeX system to add them and
(babel)                rebuild the format. Now I will use the patterns
(babel)                preloaded for \language=0 instead on input line 42.

Package babel Info: Hyphen rules for 'portuges' set to \l@english
(babel)             (\language0). Reported on input line 43.
Package babel Info: Hyphen rules for 'brazil' set to \l@english
(babel)             (\language0). Reported on input line 100.
Package babel Info: Making " an active character on input line 132.
)) (/home/wslasus/.TinyTeX/texmf-dist/tex/latex/base/inputenc.sty
Package: inputenc 2024/02/08 v1.3d Input encoding file
\inpenc@prehook=\toks46
\inpenc@posthook=\toks47
) (/home/wslasus/.TinyTeX/texmf-dist/tex/latex/pgf/frontendlayer/tikz.sty (/home/wslasus/.TinyTeX/texmf-dist/tex/latex/pgf/basiclayer/pgf.sty
Package: pgf 2025-08-29 v3.1.11a (3.1.11a)
 (/home/wslasus/.TinyTeX/texmf-dist/tex/generic/pgf/modules/pgfmoduleshapes.code.tex
File: pgfmoduleshapes.code.tex 2025-08-29 v3.1.11a (3.1.11a)
\pgfnodeparttextbox=\box78
) (/home/wslasus/.TinyTeX/texmf-dist/tex/generic/pgf/modules/pgfmoduleplot.code.tex
File: pgfmoduleplot.code.tex 2025-08-29 v3.1.11a (3.1.11a)
) (/home/wslasus/.TinyTeX/texmf-dist/tex/latex/pgf/compatibility/pgfcomp-version-0-65.sty
Package: pgfcomp-version-0-65 2025-08-29 v3.1.11a (3.1.11a)
\pgf@nodesepstart=\dimen303
\pgf@nodesepend=\dimen304
) (/home/wslasus/.TinyTeX/texmf-dist/tex/latex/pgf/compatibility/pgfcomp-version-1-18.sty
Package: pgfcomp-version-1-18 2025-08-29 v3.1.11a (3.1.11a)
)) (/home/wslasus/.TinyTeX/texmf-dist/tex/latex/pgf/utilities/pgffor.sty (/home/wslasus/.TinyTeX/texmf-dist/tex/generic/pgf/utilities/pgffor.code.tex
Package: pgffor 2025-08-29 v3.1.11a (3.1.11a)
\pgffor@iter=\dimen305
\pgffor@skip=\dimen306
\pgffor@stack=\toks48
\pgffor@toks=\toks49
)) (/home/wslasus/.TinyTeX/texmf-dist/tex/generic/pgf/frontendlayer/tikz/tikz.code.tex
Package: tikz 2025-08-29 v3.1.11a (3.1.11a)
 (/home/wslasus/.TinyTeX/texmf-dist/tex/generic/pgf/libraries/pgflibraryplothandlers.code.tex
File: pgflibraryplothandlers.code.tex 2025-08-29 v3.1.11a (3.1.11a)
\pgf@plot@mark@count=\count360
\pgfplotmarksize=\dimen307
)
\tikz@lastx=\dimen308
\tikz@lasty=\dimen309
\tikz@lastxsaved=\dimen310
\tikz@lastysaved=\dimen311
\tikz@lastmovetox=\dimen312
\tikz@lastmovetoy=\dimen313
\tikzleveldistance=\dimen314
\tikzsiblingdistance=\dimen315
\tikz@figbox=\box79
\tikz@figbox@bg=\box80
\tikz@tempbox=\box81
\tikz@tempbox@bg=\box82
\tikztreelevel=\count361
\tikznumberofchildren=\count362
\tikznumberofcurrentchild=\count363
\tikz@fig@count=\count364
 (/home/wslasus/.TinyTeX/texmf-dist/tex/generic/pgf/modules/pgfmodulematrix.code.tex
File: pgfmodulematrix.code.tex 2025-08-29 v3.1.11a (3.1.11a)
\pgfmatrixcurrentrow=\count365
\pgfmatrixcurrentcolumn=\count366
\pgf@matrix@numberofcolumns=\count367
)
\tikz@expandcount=\count368
 (/home/wslasus/.TinyTeX/texmf-dist/tex/generic/pgf/frontendlayer/tikz/libraries/tikzlibrarytopaths.code.tex
File: tikzlibrarytopaths.code.tex 2025-08-29 v3.1.11a (3.1.11a)
))) (/home/wslasus/.TinyTeX/texmf-dist/tex/generic/pgf/frontendlayer/tikz/libraries/tikzlibraryshapes.geometric.code.tex
File: tikzlibraryshapes.geometric.code.tex 2025-08-29 v3.1.11a (3.1.11a)
 (/home/wslasus/.TinyTeX/texmf-dist/tex/generic/pgf/libraries/shapes/pgflibraryshapes.geometric.code.tex
File: pgflibraryshapes.geometric.code.tex 2025-08-29 v3.1.11a (3.1.11a)
)) (/home/wslasus/.TinyTeX/texmf-dist/tex/generic/pgf/libraries/pgflibraryarrows.meta.code.tex
File: pgflibraryarrows.meta.code.tex 2025-08-29 v3.1.11a (3.1.11a)
\pgfarrowinset=\dimen316
\pgfarrowlength=\dimen317
\pgfarrowwidth=\dimen318
\pgfarrowlinewidth=\dimen319
) (/home/wslasus/.TinyTeX/texmf-dist/tex/generic/pgf/frontendlayer/tikz/libraries/tikzlibrarypositioning.code.tex
File: tikzlibrarypositioning.code.tex 2025-08-29 v3.1.11a (3.1.11a)
) (/home/wslasus/.TinyTeX/texmf-dist/tex/generic/pgf/frontendlayer/tikz/libraries/tikzlibraryfit.code.tex
File: tikzlibraryfit.code.tex 2025-08-29 v3.1.11a (3.1.11a)
) (/home/wslasus/.TinyTeX/texmf-dist/tex/generic/pgf/frontendlayer/tikz/libraries/tikzlibrarycalc.code.tex
File: tikzlibrarycalc.code.tex 2025-08-29 v3.1.11a (3.1.11a)
) (/home/wslasus/.TinyTeX/texmf-dist/tex/generic/pgf/frontendlayer/tikz/libraries/tikzlibrarybackgrounds.code.tex
File: tikzlibrarybackgrounds.code.tex 2025-08-29 v3.1.11a (3.1.11a)
\pgf@layerbox@background=\box83
\pgf@layerboxsaved@background=\box84
) (/home/wslasus/.TinyTeX/texmf-dist/tex/generic/pgf/frontendlayer/tikz/libraries/tikzlibrarydecorations.pathreplacing.code.tex (/home/wslasus/.TinyTeX/texmf-dist/tex/generic/pgf/frontendlayer/tikz/libraries/tikzlibrarydecorations.code.tex (/home/wslasus/.TinyTeX/texmf-dist/tex/generic/pgf/modules/pgfmoduledecorations.code.tex
\pgfdecoratedcompleteddistance=\dimen320
\pgfdecoratedremainingdistance=\dimen321
\pgfdecoratedinputsegmentcompleteddistance=\dimen322
\pgfdecoratedinputsegmentremainingdistance=\dimen323
\pgf@decorate@distancetomove=\dimen324
\pgf@decorate@repeatstate=\count369
\pgfdecorationsegmentamplitude=\dimen325
\pgfdecorationsegmentlength=\dimen326
)
\tikz@lib@dec@box=\box85
) (/home/wslasus/.TinyTeX/texmf-dist/tex/generic/pgf/libraries/decorations/pgflibrarydecorations.pathreplacing.code.tex)) (/home/wslasus/.TinyTeX/texmf-dist/tex/latex/pgfplots/pgfplots.sty (/home/wslasus/.TinyTeX/texmf-dist/tex/generic/pgfplots/pgfplots.revision.tex)
Package: pgfplots 2025/08/14 v1.18.2 Data Visualization (1.18.2)
 (/home/wslasus/.TinyTeX/texmf-dist/tex/generic/pgfplots/pgfplots.code.tex (/home/wslasus/.TinyTeX/texmf-dist/tex/generic/pgfplots/pgfplotscore.code.tex
\t@pgfplots@toka=\toks50
\t@pgfplots@tokb=\toks51
\t@pgfplots@tokc=\toks52
\pgfplots@tmpa=\dimen327
\c@pgfplots@coordindex=\count370
\c@pgfplots@scanlineindex=\count371
 (/home/wslasus/.TinyTeX/texmf-dist/tex/generic/pgfplots/sys/pgfplotssysgeneric.code.tex)) (/home/wslasus/.TinyTeX/texmf-dist/tex/generic/pgfplots/libs/pgfplotslibrary.code.tex) (/home/wslasus/.TinyTeX/texmf-dist/tex/generic/pgfplots/oldpgfcompatib/pgfplotsoldpgfsupp_loader.code.tex (/home/wslasus/.TinyTeX/texmf-dist/tex/generic/pgf/libraries/pgflibraryfpu.code.tex) (/home/wslasus/.TinyTeX/texmf-dist/tex/generic/pgfplots/oldpgfcompatib/pgfplotsoldpgfsupp_pgfutil-common-lists.tex)) (/home/wslasus/.TinyTeX/texmf-dist/tex/generic/pgfplots/util/pgfplotsutil.code.tex (/home/wslasus/.TinyTeX/texmf-dist/tex/generic/pgfplots/liststructure/pgfplotsliststructure.code.tex) (/home/wslasus/.TinyTeX/texmf-dist/tex/generic/pgfplots/liststructure/pgfplotsliststructureext.code.tex) (/home/wslasus/.TinyTeX/texmf-dist/tex/generic/pgfplots/liststructure/pgfplotsarray.code.tex
\c@pgfplotsarray@tmp=\count372
) (/home/wslasus/.TinyTeX/texmf-dist/tex/generic/pgfplots/liststructure/pgfplotsmatrix.code.tex) (/home/wslasus/.TinyTeX/texmf-dist/tex/generic/pgfplots/numtable/pgfplotstableshared.code.tex
\c@pgfplotstable@counta=\count373
\t@pgfplotstable@a=\toks53
) (/home/wslasus/.TinyTeX/texmf-dist/tex/generic/pgfplots/liststructure/pgfplotsdeque.code.tex) (/home/wslasus/.TinyTeX/texmf-dist/tex/generic/pgfplots/util/pgfplotsbinary.code.tex (/home/wslasus/.TinyTeX/texmf-dist/tex/generic/pgfplots/util/pgfplotsbinary.data.code.tex)) (/home/wslasus/.TinyTeX/texmf-dist/tex/generic/pgfplots/util/pgfplotsutil.verb.code.tex) (/home/wslasus/.TinyTeX/texmf-dist/tex/generic/pgfplots/libs/pgflibrarypgfplots.surfshading.code.tex
\c@pgfplotslibrarysurf@no=\count374
 (/home/wslasus/.TinyTeX/texmf-dist/tex/generic/pgfplots/sys/pgflibrarypgfplots.surfshading.pgfsys-pdftex.def))) (/home/wslasus/.TinyTeX/texmf-dist/tex/generic/pgfplots/util/pgfplotscolormap.code.tex (/home/wslasus/.TinyTeX/texmf-dist/tex/generic/pgfplots/util/pgfplotscolor.code.tex)) (/home/wslasus/.TinyTeX/texmf-dist/tex/generic/pgfplots/pgfplotsstackedplots.code.tex) (/home/wslasus/.TinyTeX/texmf-dist/tex/generic/pgfplots/pgfplotsplothandlers.code.tex (/home/wslasus/.TinyTeX/texmf-dist/tex/generic/pgfplots/pgfplotsmeshplothandler.code.tex (/home/wslasus/.TinyTeX/texmf-dist/tex/generic/pgfplots/pgfplotsmeshplotimage.code.tex))) (/home/wslasus/.TinyTeX/texmf-dist/tex/generic/pgfplots/pgfplots.scaling.code.tex) (/home/wslasus/.TinyTeX/texmf-dist/tex/generic/pgfplots/pgfplotscoordprocessing.code.tex) (/home/wslasus/.TinyTeX/texmf-dist/tex/generic/pgfplots/pgfplots.errorbars.code.tex) (/home/wslasus/.TinyTeX/texmf-dist/tex/generic/pgfplots/pgfplots.markers.code.tex) (/home/wslasus/.TinyTeX/texmf-dist/tex/generic/pgfplots/pgfplotsticks.code.tex) (/home/wslasus/.TinyTeX/texmf-dist/tex/generic/pgfplots/pgfplots.paths.code.tex) (/home/wslasus/.TinyTeX/texmf-dist/tex/generic/pgf/frontendlayer/tikz/libraries/tikzlibrarydecorations.pathmorphing.code.tex (/home/wslasus/.TinyTeX/texmf-dist/tex/generic/pgf/libraries/decorations/pgflibrarydecorations.pathmorphing.code.tex)) (/home/wslasus/.TinyTeX/texmf-dist/tex/generic/pgfplots/libs/tikzlibrarypgfplots.contourlua.code.tex)
\pgfplots@numplots=\count375
\pgfplots@xmin@reg=\dimen328
\pgfplots@xmax@reg=\dimen329
\pgfplots@ymin@reg=\dimen330
\pgfplots@ymax@reg=\dimen331
\pgfplots@zmin@reg=\dimen332
\pgfplots@zmax@reg=\dimen333
) (/home/wslasus/.TinyTeX/texmf-dist/tex/generic/pgf/frontendlayer/tikz/libraries/tikzlibraryplotmarks.code.tex
File: tikzlibraryplotmarks.code.tex 2025-08-29 v3.1.11a (3.1.11a)
 (/home/wslasus/.TinyTeX/texmf-dist/tex/generic/pgf/libraries/pgflibraryplotmarks.code.tex
File: pgflibraryplotmarks.code.tex 2025-08-29 v3.1.11a (3.1.11a)
))) (/home/wslasus/.TinyTeX/texmf-dist/tex/latex/caption/caption.sty
Package: caption 2023/08/05 v3.6o Customizing captions (AR)
 (/home/wslasus/.TinyTeX/texmf-dist/tex/latex/caption/caption3.sty
Package: caption3 2023/07/31 v2.4d caption3 kernel (AR)
\caption@tempdima=\dimen334
\captionmargin=\dimen335
\caption@leftmargin=\dimen336
\caption@rightmargin=\dimen337
\caption@width=\dimen338
\caption@indent=\dimen339
\caption@parindent=\dimen340
\caption@hangindent=\dimen341
Package caption Info: beamer document class detected.
 (/home/wslasus/.TinyTeX/texmf-dist/tex/latex/caption/caption-beamer.sto
File: caption-beamer.sto 2022/01/06 v2.0c Adaption of the caption package to the beamer document classes (AR)
))
\c@caption@flags=\count376
\c@continuedfloat=\count377
Package caption Info: hyperref package is loaded.
Package caption Info: Hyperref support is turned off
(caption)             because hyperref has stopped early.
) (/home/wslasus/.TinyTeX/texmf-dist/tex/latex/colortbl/colortbl.sty
Package: colortbl 2024/10/29 v1.0k Color table columns (DPC)
 (/home/wslasus/.TinyTeX/texmf-dist/tex/latex/tools/array.sty
Package: array 2025/09/25 v2.6n Tabular extension package (FMi)
\col@sep=\dimen342
\ar@mcellbox=\box86
\extrarowheight=\dimen343
\NC@list=\toks54
\extratabsurround=\skip67
\backup@length=\skip68
\ar@cellbox=\box87
)
\everycr=\toks55
\minrowclearance=\skip69
\rownum=\count378
) (/home/wslasus/.TinyTeX/texmf-dist/tex/latex/booktabs/booktabs.sty
Package: booktabs 2020/01/12 v1.61803398 Publication quality tables
\heavyrulewidth=\dimen344
\lightrulewidth=\dimen345
\cmidrulewidth=\dimen346
\belowrulesep=\dimen347
\belowbottomsep=\dimen348
\aboverulesep=\dimen349
\abovetopsep=\dimen350
\cmidrulesep=\dimen351
\cmidrulekern=\dimen352
\defaultaddspace=\dimen353
\@cmidla=\count379
\@cmidlb=\count380
\@aboverulesep=\dimen354
\@belowrulesep=\dimen355
\@thisruleclass=\count381
\@lastruleclass=\count382
\@thisrulewidth=\dimen356
) (/home/wslasus/.TinyTeX/texmf-dist/tex/latex/multirow/multirow.sty
Package: multirow 2024/11/12 v2.9 Span multiple rows of a table
\multirow@colwidth=\skip70
\multirow@cntb=\count383
\multirow@dima=\skip71
\bigstrutjot=\dimen357
) (/home/wslasus/.TinyTeX/texmf-dist/tex/latex/tools/tabularx.sty
Package: tabularx 2023/12/11 v2.12a `tabularx' package (DPC)
\TX@col@width=\dimen358
\TX@old@table=\dimen359
\TX@old@col=\dimen360
\TX@target=\dimen361
\TX@delta=\dimen362
\TX@cols=\count384
\TX@ftn=\toks56
) (/home/wslasus/.TinyTeX/texmf-dist/tex/latex/adjustbox/adjustbox.sty
Package: adjustbox 2025/02/26 v1.3c Adjusting TeX boxes (trim, clip, ...)
 (/home/wslasus/.TinyTeX/texmf-dist/tex/latex/xkeyval/xkeyval.sty
Package: xkeyval 2025/11/04 v2.10 package option processing (HA)
 (/home/wslasus/.TinyTeX/texmf-dist/tex/generic/xkeyval/xkeyval.tex (/home/wslasus/.TinyTeX/texmf-dist/tex/generic/xkeyval/xkvutils.tex
\XKV@toks=\toks57
\XKV@tempa@toks=\toks58
\XKV@tempb@toks=\toks59
)
\XKV@depth=\count385
File: xkeyval.tex 2014/12/03 v2.7a key=value parser (HA)
)) (/home/wslasus/.TinyTeX/texmf-dist/tex/latex/adjustbox/adjcalc.sty
Package: adjcalc 2012/05/16 v1.1 Provides advanced setlength with multiple back-ends (calc, etex, pgfmath)
) (/home/wslasus/.TinyTeX/texmf-dist/tex/latex/adjustbox/trimclip.sty
Package: trimclip 2025/02/21 v1.2a Trim and clip general TeX material
 (/home/wslasus/.TinyTeX/texmf-dist/tex/latex/collectbox/collectbox.sty
Package: collectbox 2022/10/17 v0.4c Collect macro arguments as boxes
\collectedbox=\box88
)
\tc@llx=\dimen363
\tc@lly=\dimen364
\tc@urx=\dimen365
\tc@ury=\dimen366
Package trimclip Info: Using driver 'tc-pdftex.def'.
 (/home/wslasus/.TinyTeX/texmf-dist/tex/latex/adjustbox/tc-pdftex.def
File: tc-pdftex.def 2025/02/26 v2.3 Clipping driver for pdftex
))
\adjbox@Width=\dimen367
\adjbox@Height=\dimen368
\adjbox@Depth=\dimen369
\adjbox@Totalheight=\dimen370
\adjbox@pwidth=\dimen371
\adjbox@pheight=\dimen372
\adjbox@pdepth=\dimen373
\adjbox@ptotalheight=\dimen374
) (./beamerthemeInf.sty (/home/wslasus/.TinyTeX/texmf-dist/tex/latex/textcase/textcase.sty
Package: textcase 2025/02/16 v1.05 Text only upper/lower case changing (DPC)
Package textcase Info: Defining Legacy names on input line 20.
) (/home/wslasus/.TinyTeX/texmf-dist/tex/latex/base/ifthen.sty
Package: ifthen 2024/03/16 v1.1e Standard LaTeX ifthen package (DPC)
) (/home/wslasus/.TinyTeX/texmf-dist/tex/latex/microtype/microtype.sty
Package: microtype 2026/03/01 v3.2d Micro-typographical refinements (RS)
\MT@toks=\toks60
\MT@tempbox=\box89
\MT@count=\count386
LaTeX Info: Redefining \noprotrusionifhmode on input line 1084.
LaTeX Info: Redefining \leftprotrusion on input line 1085.
\MT@prot@toks=\toks61
LaTeX Info: Redefining \rightprotrusion on input line 1104.
LaTeX Info: Redefining \textls on input line 1449.
\MT@outer@kern=\dimen375
LaTeX Info: Redefining \microtypecontext on input line 2053.
LaTeX Info: Redefining \textmicrotypecontext on input line 2070.
\MT@listname@count=\count387
 (/home/wslasus/.TinyTeX/texmf-dist/tex/latex/microtype/microtype-pdftex.def
File: microtype-pdftex.def 2026/03/01 v3.2d Definitions specific to pdftex (RS)
LaTeX Info: Redefining \lsstyle on input line 944.
LaTeX Info: Redefining \lslig on input line 944.
\MT@outer@space=\skip72
)
Package microtype Info: Loading configuration file microtype.cfg.
 (/home/wslasus/.TinyTeX/texmf-dist/tex/latex/microtype/microtype.cfg
File: microtype.cfg 2026/03/01 v3.2d microtype main configuration file (RS)
)
LaTeX Info: Redefining \microtypesetup on input line 3065.
) (/home/wslasus/.TinyTeX/texmf-dist/tex/latex/ifsym/ifsym.sty
Package: ifsym 2000/04/18 I.Kloeckl
 (/home/wslasus/.TinyTeX/texmf-dist/tex/latex/tools/calc.sty
Package: calc 2025/03/01 v4.3b Infix arithmetic (KKT,FJ)
\calc@Acount=\count388
\calc@Bcount=\count389
\calc@Adimen=\dimen376
\calc@Bdimen=\dimen377
\calc@Askip=\skip73
\calc@Bskip=\skip74
LaTeX Info: Redefining \setlength on input line 86.
LaTeX Info: Redefining \addtolength on input line 87.
\calc@Ccount=\count390
\calc@Cskip=\skip75
)
\c@ifsymcnt=\count391
) (/home/wslasus/.TinyTeX/texmf-dist/tex/latex/lm/lmodern.sty
Package: lmodern 2015/05/01 v1.6.1 Latin Modern Fonts
LaTeX Font Info:    Overwriting symbol font `operators' in version `normal'
(Font)                  OT1/cmr/m/n --> OT1/lmr/m/n on input line 22.
LaTeX Font Info:    Overwriting symbol font `letters' in version `normal'
(Font)                  OML/cmm/m/it --> OML/lmm/m/it on input line 23.
LaTeX Font Info:    Overwriting symbol font `symbols' in version `normal'
(Font)                  OMS/cmsy/m/n --> OMS/lmsy/m/n on input line 24.
LaTeX Font Info:    Overwriting symbol font `largesymbols' in version `normal'
(Font)                  OMX/cmex/m/n --> OMX/lmex/m/n on input line 25.
LaTeX Font Info:    Overwriting symbol font `operators' in version `bold'
(Font)                  OT1/cmr/bx/n --> OT1/lmr/bx/n on input line 26.
LaTeX Font Info:    Overwriting symbol font `letters' in version `bold'
(Font)                  OML/cmm/b/it --> OML/lmm/b/it on input line 27.
LaTeX Font Info:    Overwriting symbol font `symbols' in version `bold'
(Font)                  OMS/cmsy/b/n --> OMS/lmsy/b/n on input line 28.
LaTeX Font Info:    Overwriting symbol font `largesymbols' in version `bold'
(Font)                  OMX/cmex/m/n --> OMX/lmex/m/n on input line 29.
LaTeX Font Info:    Overwriting math alphabet `\mathbf' in version `normal'
(Font)                  OT1/cmr/bx/n --> OT1/lmr/bx/n on input line 31.
LaTeX Font Info:    Overwriting math alphabet `\mathsf' in version `normal'
(Font)                  OT1/cmss/m/n --> OT1/lmss/m/n on input line 32.
LaTeX Font Info:    Overwriting math alphabet `\mathit' in version `normal'
(Font)                  OT1/cmr/m/it --> OT1/lmr/m/it on input line 33.
LaTeX Font Info:    Overwriting math alphabet `\mathtt' in version `normal'
(Font)                  OT1/cmtt/m/n --> OT1/lmtt/m/n on input line 34.
LaTeX Font Info:    Overwriting math alphabet `\mathbf' in version `bold'
(Font)                  OT1/cmr/bx/n --> OT1/lmr/bx/n on input line 35.
LaTeX Font Info:    Overwriting math alphabet `\mathsf' in version `bold'
(Font)                  OT1/cmss/bx/n --> OT1/lmss/bx/n on input line 36.
LaTeX Font Info:    Overwriting math alphabet `\mathit' in version `bold'
(Font)                  OT1/cmr/bx/it --> OT1/lmr/bx/it on input line 37.
LaTeX Font Info:    Overwriting math alphabet `\mathtt' in version `bold'
(Font)                  OT1/cmtt/m/n --> OT1/lmtt/m/n on input line 38.
) (/home/wslasus/.TinyTeX/texmf-dist/tex/latex/setspace/setspace.sty
Package: setspace 2022/12/04 v6.7b set line spacing
)
\InfOutterTitleWidth=\skip76
\InfOutterTitleRightMargin=\skip77
\InfOutterTitleBottomMargin=\skip78
\InfOutterFrametitleWidth=\skip79
 (/home/wslasus/.TinyTeX/texmf-dist/tex/latex/beamer/beamerfontthemeprofessionalfonts.sty)
\InfOutterFrameLeftMargin=\skip80
)

Package hyperref Warning: Token not allowed in a PDF string (Unicode):
(hyperref)                removing `\\' on input line 167.

LaTeX Font Info:    Trying to load font information for T1+lmss on input line 178.
(/home/wslasus/.TinyTeX/texmf-dist/tex/latex/lm/t1lmss.fd
File: t1lmss.fd 2015/05/01 v1.6.1 Font defs for Latin Modern
) (/home/wslasus/.TinyTeX/texmf-dist/tex/latex/l3backend/l3backend-pdftex.def
File: l3backend-pdftex.def 2025-10-09 L3 backend support: PDF output (pdfTeX)
\l__color_backend_stack_int=\count392
) (./main.aux
Package babel Info: 'brazil' activates 'portuges' shorthands.
(babel)             Reported on input line 8.
)
\openout1 = `main.aux'.

LaTeX Font Info:    Checking defaults for OML/cmm/m/it on input line 178.
LaTeX Font Info:    ... okay on input line 178.
LaTeX Font Info:    Checking defaults for OMS/cmsy/m/n on input line 178.
LaTeX Font Info:    ... okay on input line 178.
LaTeX Font Info:    Checking defaults for OT1/cmr/m/n on input line 178.
LaTeX Font Info:    ... okay on input line 178.
LaTeX Font Info:    Checking defaults for T1/cmr/m/n on input line 178.
LaTeX Font Info:    ... okay on input line 178.
LaTeX Font Info:    Checking defaults for TS1/cmr/m/n on input line 178.
LaTeX Font Info:    ... okay on input line 178.
LaTeX Font Info:    Checking defaults for OMX/cmex/m/n on input line 178.
LaTeX Font Info:    ... okay on input line 178.
LaTeX Font Info:    Checking defaults for U/cmr/m/n on input line 178.
LaTeX Font Info:    ... okay on input line 178.
LaTeX Font Info:    Checking defaults for PD1/pdf/m/n on input line 178.
LaTeX Font Info:    ... okay on input line 178.
LaTeX Font Info:    Checking defaults for PU/pdf/m/n on input line 178.
LaTeX Font Info:    ... okay on input line 178.

*geometry* driver: auto-detecting
*geometry* detected driver: pdftex
*geometry* verbose mode - [ preamble ] result:
* driver: pdftex
* paper: custom
* layout: <same size as paper>
* layoutoffset:(h,v)=(0.0pt,0.0pt)
* modes: includehead includefoot 
* h-part:(L,W,R)=(28.45274pt, 307.28987pt, 28.45274pt)
* v-part:(T,H,B)=(0.0pt, 273.14662pt, 0.0pt)
* \paperwidth=364.19536pt
* \paperheight=273.14662pt
* \textwidth=307.28987pt
* \textheight=244.6939pt
* \oddsidemargin=-43.81725pt
* \evensidemargin=-43.81725pt
* \topmargin=-72.26999pt
* \headheight=14.22636pt
* \headsep=0.0pt
* \topskip=11.0pt
* \footskip=14.22636pt
* \marginparwidth=4.0pt
* \marginparsep=10.0pt
* \columnsep=10.0pt
* \skip\footins=10.0pt plus 4.0pt minus 2.0pt
* \hoffset=0.0pt
* \voffset=0.0pt
* \mag=1000
* \@twocolumnfalse
* \@twosidefalse
* \@mparswitchfalse
* \@reversemarginfalse
* (1in=72.27pt=25.4mm, 1cm=28.453pt)

(/home/wslasus/.TinyTeX/texmf-dist/tex/latex/epstopdf-pkg/epstopdf-base.sty
Package: epstopdf-base 2020-01-24 v2.11 Base part for package epstopdf
Package epstopdf-base Info: Redefining graphics rule for `.eps' on input line 485.
 (/home/wslasus/.TinyTeX/texmf-dist/tex/latex/latexconfig/epstopdf-sys.cfg
File: epstopdf-sys.cfg 2010/07/13 v1.3 Configuration of (r)epstopdf for TeX Live
))
Package hyperref Info: Link coloring OFF on input line 178.
 (./main.out) (./main.out)
\@outlinefile=\write5
\openout5 = `main.out'.

 (/home/wslasus/.TinyTeX/texmf-dist/tex/latex/translator/translator-basic-dictionary-English.dict
Dictionary: translator-basic-dictionary, Language: English 
) (/home/wslasus/.TinyTeX/texmf-dist/tex/latex/translator/translator-bibliography-dictionary-English.dict
Dictionary: translator-bibliography-dictionary, Language: English 
) (/home/wslasus/.TinyTeX/texmf-dist/tex/latex/translator/translator-environment-dictionary-English.dict
Dictionary: translator-environment-dictionary, Language: English 
) (/home/wslasus/.TinyTeX/texmf-dist/tex/latex/translator/translator-months-dictionary-English.dict
Dictionary: translator-months-dictionary, Language: English 
) (/home/wslasus/.TinyTeX/texmf-dist/tex/latex/translator/translator-numbers-dictionary-English.dict
Dictionary: translator-numbers-dictionary, Language: English 
) (/home/wslasus/.TinyTeX/texmf-dist/tex/latex/translator/translator-theorem-dictionary-English.dict
Dictionary: translator-theorem-dictionary, Language: English 
)
Package pgfplots notification 'compat/show suggested version=true': document has been generated with the most recent feature set (\pgfplotsset{compat=1.18}).

Package caption Info: Begin \AtBeginDocument code.
Package caption Info: End \AtBeginDocument code.
LaTeX Info: Redefining \microtypecontext on input line 178.
Package microtype Info: Applying patch `item' on input line 178.
Package microtype Info: Applying patch `toc' on input line 178.
Package microtype Info: Applying patch `eqnum' on input line 178.
Package microtype Info: Applying patch `footnote' on input line 178.
Package microtype Info: Applying patch `verbatim' on input line 178.
LaTeX Info: Redefining \microtypesetup on input line 178.
Package microtype Info: Generating PDF output.
Package microtype Info: Character protrusion enabled (level 2).
Package microtype Info: Using default protrusion set `alltext'.
Package microtype Info: Automatic font expansion enabled (level 2),
(microtype)             stretch: 20, shrink: 20, step: 1, non-selected.
Package microtype Info: Using default expansion set `alltext-nott'.
Package microtype Info: Patching command `\showhyphens'.
Package microtype Info: Tracking enabled.
Package microtype Info: Using default tracking set `smallcaps'.
Package microtype Info: No adjustment of interword spacing.
Package microtype Info: No adjustment of character kerning.
Package microtype Info: Loading generic protrusion settings for font family
(microtype)             `lmss' (encoding: T1).
(microtype)             For optimal results, create family-specific settings.
(microtype)             See the microtype manual for details.
(./main.nav)
Overfull \hbox (2.12503pt too wide) in paragraph at lines 178--178
[][] 
 []

Package microtype Info: tracking amount list `main.tex/178' will
(microtype)             override list `default' for 
(microtype)             font `OT1////' on input line 178.
LaTeX Font Info:    Trying to load font information for T1+phv on input line 178.
(/home/wslasus/.TinyTeX/texmf-dist/tex/latex/psnfss/t1phv.fd
File: t1phv.fd 2020/03/25 scalable font definitions for T1/phv.
)
Package microtype Info: Loading generic protrusion settings for font family
(microtype)             `phv' (encoding: T1).
(microtype)             For optimal results, create family-specific settings.
(microtype)             See the microtype manual for details.
LaTeX Font Info:    Calculating math sizes for size <80> on input line 178.
LaTeX Font Info:    Trying to load font information for OT1+lmr on input line 178.
 (/home/wslasus/.TinyTeX/texmf-dist/tex/latex/lm/ot1lmr.fd
File: ot1lmr.fd 2015/05/01 v1.6.1 Font defs for Latin Modern
) (/home/wslasus/.TinyTeX/texmf-dist/tex/latex/microtype/mt-cmr.cfg
File: mt-cmr.cfg 2013/05/19 v2.2 microtype config. file: Computer Modern Roman (RS)
)
LaTeX Font Info:    Trying to load font information for OML+lmm on input line 178.
 (/home/wslasus/.TinyTeX/texmf-dist/tex/latex/lm/omllmm.fd
File: omllmm.fd 2015/05/01 v1.6.1 Font defs for Latin Modern
)
LaTeX Font Info:    Trying to load font information for OMS+lmsy on input line 178.
 (/home/wslasus/.TinyTeX/texmf-dist/tex/latex/lm/omslmsy.fd
File: omslmsy.fd 2015/05/01 v1.6.1 Font defs for Latin Modern
)
LaTeX Font Info:    Trying to load font information for OMX+lmex on input line 178.
 (/home/wslasus/.TinyTeX/texmf-dist/tex/latex/lm/omxlmex.fd
File: omxlmex.fd 2015/05/01 v1.6.1 Font defs for Latin Modern
)
LaTeX Font Info:    External font `lmex10' loaded for size
(Font)              <80> on input line 178.
LaTeX Font Info:    External font `lmex10' loaded for size
(Font)              <55.99976> on input line 178.
LaTeX Font Info:    External font `lmex10' loaded for size
(Font)              <40> on input line 178.
LaTeX Font Info:    Trying to load font information for U+msa on input line 178.
 (/home/wslasus/.TinyTeX/texmf-dist/tex/latex/amsfonts/umsa.fd
File: umsa.fd 2013/01/14 v3.01 AMS symbols A
) (/home/wslasus/.TinyTeX/texmf-dist/tex/latex/microtype/mt-msa.cfg
File: mt-msa.cfg 2006/02/04 v1.1 microtype config. file: AMS symbols (a) (RS)
)
LaTeX Font Info:    Trying to load font information for U+msb on input line 178.
 (/home/wslasus/.TinyTeX/texmf-dist/tex/latex/amsfonts/umsb.fd
File: umsb.fd 2013/01/14 v3.01 AMS symbols B
) (/home/wslasus/.TinyTeX/texmf-dist/tex/latex/microtype/mt-msb.cfg
File: mt-msb.cfg 2005/06/01 v1.0 microtype config. file: AMS symbols (b) (RS)
) (./capitulos/01_introducao.tex
Package microtype Info: tracking amount list `main.tex/10' will
(microtype)             override list `main.tex/178' for 
(microtype)             font `OT1////' on input line 10.
<inf-logo-dark.pdf, id=45, 701.84395pt x 389.02475pt>
File: inf-logo-dark.pdf Graphic file (type pdf)
<use inf-logo-dark.pdf>
Package pdftex.def Info: inf-logo-dark.pdf  used on input line 10.
(pdftex.def)             Requested size: 109.2597pt x 60.55939pt.

Overfull \hbox (3.65pt too wide) in paragraph at lines 10--10
 [][]  
 []

[1

{/home/wslasus/.TinyTeX/texmf-var/fonts/map/pdftex/updmap/pdftex.map}{/home/wslasus/.TinyTeX/texmf-dist/fonts/enc/dvips/lm/lm-ec.enc} <./inf-logo-dark.pdf>]
Overfull \hbox (2.12503pt too wide) in paragraph at lines 67--67
[][] 
 []

Package microtype Info: tracking amount list `main.tex/67' will
(microtype)             override list `main.tex/10' for 
(microtype)             font `OT1////' on input line 67.

Overfull \hbox (132.55334pt too wide) in paragraph at lines 67--67
[][] 
 []

LaTeX Font Info:    External font `lmex10' loaded for size
(Font)              <9> on input line 67.
LaTeX Font Info:    External font `lmex10' loaded for size
(Font)              <6> on input line 67.
LaTeX Font Info:    External font `lmex10' loaded for size
(Font)              <5> on input line 67.
Package microtype Info: tracking amount list `main.tex/67(1)' will
(microtype)             override list `main.tex/67' for 
(microtype)             font `OT1////' on input line 67.

Overfull \hbox (2.12503pt too wide) has occurred while \output is active
[][] 
 []

[2{/home/wslasus/.TinyTeX/texmf-dist/fonts/enc/dvips/base/8r.enc}

]
Overfull \hbox (2.12503pt too wide) in paragraph at lines 119--119
[][] 
 []

Package microtype Info: tracking amount list `main.tex/119' will
(microtype)             override list `main.tex/67(1)' for 
(microtype)             font `OT1////' on input line 119.

Overfull \hbox (132.55334pt too wide) in paragraph at lines 119--119
[][] 
 []

Package microtype Info: tracking amount list `main.tex/119(2)' will
(microtype)             override list `main.tex/119' for 
(microtype)             font `OT1////' on input line 119.

Overfull \hbox (2.12503pt too wide) has occurred while \output is active
[][] 
 []

[3

]
Overfull \hbox (2.12503pt too wide) in paragraph at lines 186--186
[][] 
 []

Package microtype Info: tracking amount list `main.tex/186' will
(microtype)             override list `main.tex/119(2)' for 
(microtype)             font `OT1////' on input line 186.
LaTeX Font Info:    External font `lmex10' loaded for size
(Font)              <10.95> on input line 186.
LaTeX Font Info:    External font `lmex10' loaded for size
(Font)              <8> on input line 186.

Overfull \hbox (16.55145pt too wide) in paragraph at lines 186--186
 [][] 
 []


Overfull \hbox (16.55145pt too wide) in paragraph at lines 186--186
 [][] 
 []

LaTeX Font Info:    Calculating math sizes for size <30> on input line 186.
LaTeX Font Info:    External font `lmex10' loaded for size
(Font)              <30> on input line 186.
LaTeX Font Info:    External font `lmex10' loaded for size
(Font)              <20.99991> on input line 186.
LaTeX Font Info:    External font `lmex10' loaded for size
(Font)              <15> on input line 186.

Overfull \hbox (16.55145pt too wide) in paragraph at lines 186--186
 [][] 
 []


Overfull \hbox (132.55334pt too wide) in paragraph at lines 186--186
[][] 
 []

Package microtype Info: tracking amount list `main.tex/186(3)' will
(microtype)             override list `main.tex/186' for 
(microtype)             font `OT1////' on input line 186.

Overfull \hbox (2.12503pt too wide) has occurred while \output is active
[][] 
 []

[4

{/home/wslasus/.TinyTeX/texmf-dist/fonts/enc/dvips/lm/lm-mathit.enc}]
Overfull \hbox (2.12503pt too wide) in paragraph at lines 241--241
[][] 
 []

Package microtype Info: tracking amount list `main.tex/241' will
(microtype)             override list `main.tex/186(3)' for 
(microtype)             font `OT1////' on input line 241.
LaTeX Font Info:    Font shape `T1/lmss/m/it' in size <10> not available
(Font)              Font shape `T1/lmss/m/sl' tried instead on input line 241.
LaTeX Font Info:    External font `lmex10' loaded for size
(Font)              <10> on input line 241.
LaTeX Font Info:    External font `lmex10' loaded for size
(Font)              <7> on input line 241.

Overfull \hbox (132.55334pt too wide) in paragraph at lines 241--241
[][] 
 []

Package microtype Info: tracking amount list `main.tex/241(4)' will
(microtype)             override list `main.tex/241' for 
(microtype)             font `OT1////' on input line 241.

Overfull \hbox (2.12503pt too wide) has occurred while \output is active
[][] 
 []

[5

{/home/wslasus/.TinyTeX/texmf-dist/fonts/enc/dvips/lm/lm-mathsy.enc}]
Overfull \hbox (2.12503pt too wide) in paragraph at lines 324--324
[][] 
 []

Package microtype Info: tracking amount list `main.tex/324' will
(microtype)             override list `main.tex/241(4)' for 
(microtype)             font `OT1////' on input line 324.
LaTeX Font Info:    Font shape `T1/lmss/m/it' in size <8> not available
(Font)              Font shape `T1/lmss/m/sl' tried instead on input line 324.

Overfull \hbox (132.55334pt too wide) in paragraph at lines 324--324
[][] 
 []

Package microtype Info: tracking amount list `main.tex/324(5)' will
(microtype)             override list `main.tex/324' for 
(microtype)             font `OT1////' on input line 324.

Overfull \hbox (2.12503pt too wide) has occurred while \output is active
[][] 
 []

[6

]) (./capitulos/02_objetivos.tex
Overfull \hbox (2.12503pt too wide) in paragraph at lines 63--63
[][] 
 []

Package microtype Info: tracking amount list `main.tex/63' will
(microtype)             override list `main.tex/324(5)' for 
(microtype)             font `OT1////' on input line 63.

Overfull \hbox (132.55334pt too wide) in paragraph at lines 63--63
[][] 
 []

Package microtype Info: tracking amount list `main.tex/63(6)' will
(microtype)             override list `main.tex/63' for 
(microtype)             font `OT1////' on input line 63.

Overfull \hbox (2.12503pt too wide) has occurred while \output is active
[][] 
 []

[7

]
Overfull \hbox (2.12503pt too wide) in paragraph at lines 108--108
[][] 
 []

Package microtype Info: tracking amount list `main.tex/108' will
(microtype)             override list `main.tex/63(6)' for 
(microtype)             font `OT1////' on input line 108.

! Package xcolor Error: Undefined color `SUBLABELCOLOR'.

See the xcolor package documentation for explanation.
Type  H <return>  for immediate help.
 ...                                              
                                                  
l.108 \end{frame}
                 
Try typing  <return>  to proceed.
If that doesn't work, type  X <return>  to quit.


Overfull \hbox (132.55334pt too wide) in paragraph at lines 108--108
[][] 
 []

Package microtype Info: tracking amount list `main.tex/108(7)' will
(microtype)             override list `main.tex/108' for 
(microtype)             font `OT1////' on input line 108.

Overfull \hbox (2.12503pt too wide) has occurred while \output is active
[][] 
 []

[8

]
Overfull \hbox (2.12503pt too wide) in paragraph at lines 153--153
[][] 
 []

Package microtype Info: tracking amount list `main.tex/153' will
(microtype)             override list `main.tex/108(7)' for 
(microtype)             font `OT1////' on input line 153.

! Package xcolor Error: Undefined color `SUBLABELCOLOR'.

See the xcolor package documentation for explanation.
Type  H <return>  for immediate help.
 ...                                              
                                                  
l.153 \end{frame}
                 
Try typing  <return>  to proceed.
If that doesn't work, type  X <return>  to quit.


Overfull \hbox (132.55334pt too wide) in paragraph at lines 153--153
[][] 
 []

Package microtype Info: tracking amount list `main.tex/153(8)' will
(microtype)             override list `main.tex/153' for 
(microtype)             font `OT1////' on input line 153.

Overfull \hbox (2.12503pt too wide) has occurred while \output is active
[][] 
 []

[9

]
Overfull \hbox (2.12503pt too wide) in paragraph at lines 212--212
[][] 
 []

Package microtype Info: tracking amount list `main.tex/212' will
(microtype)             override list `main.tex/153(8)' for 
(microtype)             font `OT1////' on input line 212.

Overfull \hbox (132.55334pt too wide) in paragraph at lines 212--212
[][] 
 []

Package microtype Info: tracking amount list `main.tex/212(9)' will
(microtype)             override list `main.tex/212' for 
(microtype)             font `OT1////' on input line 212.

Overfull \hbox (2.12503pt too wide) has occurred while \output is active
[][] 
 []

[10

]
Overfull \hbox (2.12503pt too wide) in paragraph at lines 261--261
[][] 
 []

Package microtype Info: tracking amount list `main.tex/261' will
(microtype)             override list `main.tex/212(9)' for 
(microtype)             font `OT1////' on input line 261.
LaTeX Font Info:    Font shape `T1/lmss/m/it' in size <10.95> not available
(Font)              Font shape `T1/lmss/m/sl' tried instead on input line 261.

Overfull \hbox (132.55334pt too wide) in paragraph at lines 261--261
[][] 
 []


Overfull \vbox (1.26958pt too high) detected at line 261
 []

Package microtype Info: tracking amount list `main.tex/261(10)' will
(microtype)             override list `main.tex/261' for 
(microtype)             font `OT1////' on input line 261.

Overfull \hbox (2.12503pt too wide) has occurred while \output is active
[][] 
 []

[11

]) (./capitulos/03_fundamentacao.tex
Overfull \hbox (2.12503pt too wide) in paragraph at lines 24--24
[][] 
 []

Package microtype Info: tracking amount list `main.tex/24' will
(microtype)             override list `main.tex/261(10)' for 
(microtype)             font `OT1////' on input line 24.
(./Figures/diagrama_detectores.tex)
LaTeX Font Info:    Font shape `T1/lmss/m/it' in size <9> not available
(Font)              Font shape `T1/lmss/m/sl' tried instead on input line 24.

Overfull \hbox (132.55334pt too wide) in paragraph at lines 24--24
[][] 
 []

Package microtype Info: tracking amount list `main.tex/24(11)' will
(microtype)             override list `main.tex/24' for 
(microtype)             font `OT1////' on input line 24.

Overfull \hbox (2.12503pt too wide) has occurred while \output is active
[][] 
 []

[12

]
Overfull \hbox (2.12503pt too wide) in paragraph at lines 43--43
[][] 
 []

Package microtype Info: tracking amount list `main.tex/43' will
(microtype)             override list `main.tex/24(11)' for 
(microtype)             font `OT1////' on input line 43.
(./Figures/diagrama_yolov8.tex)
Overfull \hbox (132.55334pt too wide) in paragraph at lines 43--43
[][] 
 []

Package microtype Info: tracking amount list `main.tex/43(12)' will
(microtype)             override list `main.tex/43' for 
(microtype)             font `OT1////' on input line 43.

Overfull \hbox (2.12503pt too wide) has occurred while \output is active
[][] 
 []

[13

]
Overfull \hbox (2.12503pt too wide) in paragraph at lines 85--85
[][] 
 []

Package microtype Info: tracking amount list `main.tex/85' will
(microtype)             override list `main.tex/43(12)' for 
(microtype)             font `OT1////' on input line 85.
(./Figures/diagrama_transfer_learning.tex)
Overfull \hbox (7.68637pt too wide) in paragraph at lines 85--85
 [][] 
 []

(./Figures/diagrama_nms.tex)
Overfull \hbox (7.68555pt too wide) in paragraph at lines 85--85
 [][] 
 []


Overfull \hbox (132.55334pt too wide) in paragraph at lines 85--85
[][] 
 []

Package microtype Info: tracking amount list `main.tex/85(13)' will
(microtype)             override list `main.tex/85' for 
(microtype)             font `OT1////' on input line 85.

Overfull \hbox (2.12503pt too wide) has occurred while \output is active
[][] 
 []

[14

]
Overfull \hbox (2.12503pt too wide) in paragraph at lines 121--121
[][] 
 []

Package microtype Info: tracking amount list `main.tex/121' will
(microtype)             override list `main.tex/85(13)' for 
(microtype)             font `OT1////' on input line 121.
(./Figures/diagrama_jetson.tex)
Overfull \hbox (132.55334pt too wide) in paragraph at lines 121--121
[][] 
 []

Package microtype Info: tracking amount list `main.tex/121(14)' will
(microtype)             override list `main.tex/121' for 
(microtype)             font `OT1////' on input line 121.

Overfull \hbox (2.12503pt too wide) has occurred while \output is active
[][] 
 []

[15

]
Overfull \hbox (2.12503pt too wide) in paragraph at lines 204--204
[][] 
 []

Package microtype Info: tracking amount list `main.tex/204' will
(microtype)             override list `main.tex/121(14)' for 
(microtype)             font `OT1////' on input line 204.

Overfull \hbox (132.55334pt too wide) in paragraph at lines 204--204
[][] 
 []

Package microtype Info: tracking amount list `main.tex/204(15)' will
(microtype)             override list `main.tex/204' for 
(microtype)             font `OT1////' on input line 204.

Overfull \hbox (2.12503pt too wide) has occurred while \output is active
[][] 
 []

[16

]) (./capitulos/03b_trabalhos_relacionados.tex
Overfull \hbox (2.12503pt too wide) in paragraph at lines 60--60
[][] 
 []

Package microtype Info: tracking amount list `main.tex/60' will
(microtype)             override list `main.tex/204(15)' for 
(microtype)             font `OT1////' on input line 60.

Overfull \hbox (132.55334pt too wide) in paragraph at lines 60--60
[][] 
 []

Package microtype Info: tracking amount list `main.tex/60(16)' will
(microtype)             override list `main.tex/60' for 
(microtype)             font `OT1////' on input line 60.

Overfull \hbox (2.12503pt too wide) has occurred while \output is active
[][] 
 []

[17

]
Overfull \hbox (2.12503pt too wide) in paragraph at lines 73--73
[][] 
 []

Package microtype Info: tracking amount list `main.tex/73' will
(microtype)             override list `main.tex/60(16)' for 
(microtype)             font `OT1////' on input line 73.
(./Figures/diagrama_trabalhos_relacionados.tex)
Overfull \hbox (132.55334pt too wide) in paragraph at lines 73--73
[][] 
 []

Package microtype Info: tracking amount list `main.tex/73(17)' will
(microtype)             override list `main.tex/73' for 
(microtype)             font `OT1////' on input line 73.

Overfull \hbox (2.12503pt too wide) has occurred while \output is active
[][] 
 []

[18

]
Overfull \hbox (2.12503pt too wide) in paragraph at lines 148--148
[][] 
 []

Package microtype Info: tracking amount list `main.tex/148' will
(microtype)             override list `main.tex/73(17)' for 
(microtype)             font `OT1////' on input line 148.

Overfull \hbox (132.55334pt too wide) in paragraph at lines 148--148
[][] 
 []

Package microtype Info: tracking amount list `main.tex/148(18)' will
(microtype)             override list `main.tex/148' for 
(microtype)             font `OT1////' on input line 148.

Overfull \hbox (2.12503pt too wide) has occurred while \output is active
[][] 
 []

[19

]) (./capitulos/04_metodologia.tex
Overfull \hbox (2.12503pt too wide) in paragraph at lines 38--38
[][] 
 []

Package microtype Info: tracking amount list `main.tex/38' will
(microtype)             override list `main.tex/148(18)' for 
(microtype)             font `OT1////' on input line 38.
(./Figures/diagrama_cascata.tex)
Overfull \hbox (132.55334pt too wide) in paragraph at lines 38--38
[][] 
 []

Package microtype Info: tracking amount list `main.tex/38(19)' will
(microtype)             override list `main.tex/38' for 
(microtype)             font `OT1////' on input line 38.

Overfull \hbox (2.12503pt too wide) has occurred while \output is active
[][] 
 []

[20

]
Overfull \hbox (2.12503pt too wide) in paragraph at lines 105--105
[][] 
 []

Package microtype Info: tracking amount list `main.tex/105' will
(microtype)             override list `main.tex/38(19)' for 
(microtype)             font `OT1////' on input line 105.

Underfull \hbox (badness 10000) in paragraph at lines 105--105
[]|\T1/lmss/m/n/8 (+20) Escavadeira, guin-daste,
 []


Overfull \hbox (37.96756pt too wide) in paragraph at lines 105--105
 [] 
 []


Overfull \hbox (132.55334pt too wide) in paragraph at lines 105--105
[][] 
 []

Package microtype Info: tracking amount list `main.tex/105(20)' will
(microtype)             override list `main.tex/105' for 
(microtype)             font `OT1////' on input line 105.

Overfull \hbox (2.12503pt too wide) has occurred while \output is active
[][] 
 []

[21

]
Overfull \hbox (2.12503pt too wide) in paragraph at lines 160--160
[][] 
 []

Package microtype Info: tracking amount list `main.tex/160' will
(microtype)             override list `main.tex/105(20)' for 
(microtype)             font `OT1////' on input line 160.

Overfull \hbox (132.55334pt too wide) in paragraph at lines 160--160
[][] 
 []

Package microtype Info: tracking amount list `main.tex/160(21)' will
(microtype)             override list `main.tex/160' for 
(microtype)             font `OT1////' on input line 160.

Overfull \hbox (2.12503pt too wide) has occurred while \output is active
[][] 
 []

[22

]
Overfull \hbox (2.12503pt too wide) in paragraph at lines 185--185
[][] 
 []

Package microtype Info: tracking amount list `main.tex/185' will
(microtype)             override list `main.tex/160(21)' for 
(microtype)             font `OT1////' on input line 185.
<Figures/labels_pgie.jpg, id=180, 578.16pt x 578.16pt>
File: Figures/labels_pgie.jpg Graphic file (type jpg)
<use Figures/labels_pgie.jpg>
Package pdftex.def Info: Figures/labels_pgie.jpg  used on input line 185.
(pdftex.def)             Requested size: 171.04092pt x 171.04092pt.

Overfull \hbox (132.55334pt too wide) in paragraph at lines 185--185
[][] 
 []

Package microtype Info: tracking amount list `main.tex/185(22)' will
(microtype)             override list `main.tex/185' for 
(microtype)             font `OT1////' on input line 185.

Overfull \hbox (2.12503pt too wide) has occurred while \output is active
[][] 
 []

[23

 <./Figures/labels_pgie.jpg>]
Overfull \hbox (2.12503pt too wide) in paragraph at lines 215--215
[][] 
 []

Package microtype Info: tracking amount list `main.tex/215' will
(microtype)             override list `main.tex/185(22)' for 
(microtype)             font `OT1////' on input line 215.
<Figures/labels_sgie_equipment.jpg, id=186, 578.16pt x 578.16pt>
File: Figures/labels_sgie_equipment.jpg Graphic file (type jpg)
<use Figures/labels_sgie_equipment.jpg>
Package pdftex.def Info: Figures/labels_sgie_equipment.jpg  used on input line 215.
(pdftex.def)             Requested size: 144.7249pt x 144.7249pt.
<Figures/labels_sgie_machinery.jpg, id=187, 578.16pt x 578.16pt>
File: Figures/labels_sgie_machinery.jpg Graphic file (type jpg)
<use Figures/labels_sgie_machinery.jpg>
Package pdftex.def Info: Figures/labels_sgie_machinery.jpg  used on input line 215.
(pdftex.def)             Requested size: 144.7249pt x 144.7249pt.

Overfull \hbox (132.55334pt too wide) in paragraph at lines 215--215
[][] 
 []

Package microtype Info: tracking amount list `main.tex/215(23)' will
(microtype)             override list `main.tex/215' for 
(microtype)             font `OT1////' on input line 215.

Overfull \hbox (2.12503pt too wide) has occurred while \output is active
[][] 
 []

[24

 <./Figures/labels_sgie_equipment.jpg> <./Figures/labels_sgie_machinery.jpg>]
Overfull \hbox (2.12503pt too wide) in paragraph at lines 248--248
[][] 
 []

Package microtype Info: tracking amount list `main.tex/248' will
(microtype)             override list `main.tex/215(23)' for 
(microtype)             font `OT1////' on input line 248.
<Figures/train_batch0.jpg, id=193, 1927.2pt x 1927.2pt>
File: Figures/train_batch0.jpg Graphic file (type jpg)
<use Figures/train_batch0.jpg>
Package pdftex.def Info: Figures/train_batch0.jpg  used on input line 248.
(pdftex.def)             Requested size: 175.15747pt x 175.1461pt.

Overfull \hbox (132.55334pt too wide) in paragraph at lines 248--248
[][] 
 []

Package microtype Info: tracking amount list `main.tex/248(24)' will
(microtype)             override list `main.tex/248' for 
(microtype)             font `OT1////' on input line 248.

Overfull \hbox (2.12503pt too wide) has occurred while \output is active
[][] 
 []

[25

 <./Figures/train_batch0.jpg>]
Overfull \hbox (2.12503pt too wide) in paragraph at lines 338--338
[][] 
 []

Package microtype Info: tracking amount list `main.tex/338' will
(microtype)             override list `main.tex/248(24)' for 
(microtype)             font `OT1////' on input line 338.

Overfull \hbox (7.68289pt too wide) in paragraph at lines 338--338
 [] 
 []


Overfull \hbox (132.55334pt too wide) in paragraph at lines 338--338
[][] 
 []

Package microtype Info: tracking amount list `main.tex/338(25)' will
(microtype)             override list `main.tex/338' for 
(microtype)             font `OT1////' on input line 338.

Overfull \hbox (2.12503pt too wide) has occurred while \output is active
[][] 
 []

[26

{/home/wslasus/.TinyTeX/texmf-dist/fonts/enc/dvips/lm/lm-rm.enc}]) (./capitulos/05_implementacao.tex
Overfull \hbox (2.12503pt too wide) in paragraph at lines 79--79
[][] 
 []

Package microtype Info: tracking amount list `main.tex/79' will
(microtype)             override list `main.tex/338(25)' for 
(microtype)             font `OT1////' on input line 79.

Overfull \hbox (132.55334pt too wide) in paragraph at lines 79--79
[][] 
 []

Package microtype Info: tracking amount list `main.tex/79(26)' will
(microtype)             override list `main.tex/79' for 
(microtype)             font `OT1////' on input line 79.

Overfull \hbox (2.12503pt too wide) has occurred while \output is active
[][] 
 []

[27

]
Overfull \hbox (2.12503pt too wide) in paragraph at lines 100--100
[][] 
 []

Package microtype Info: tracking amount list `main.tex/100' will
(microtype)             override list `main.tex/79(26)' for 
(microtype)             font `OT1////' on input line 100.
(./Figures/diagrama_pipeline.tex)
Overfull \hbox (132.55334pt too wide) in paragraph at lines 100--100
[][] 
 []

Package microtype Info: tracking amount list `main.tex/100(27)' will
(microtype)             override list `main.tex/100' for 
(microtype)             font `OT1////' on input line 100.

Overfull \hbox (2.12503pt too wide) has occurred while \output is active
[][] 
 []

[28

]
Overfull \hbox (2.12503pt too wide) in paragraph at lines 186--186
[][] 
 []

Package microtype Info: tracking amount list `main.tex/186(28)' will
(microtype)             override list `main.tex/100(27)' for 
(microtype)             font `OT1////' on input line 186.
LaTeX Font Info:    Trying to load font information for T1+lmtt on input line 186.
(/home/wslasus/.TinyTeX/texmf-dist/tex/latex/lm/t1lmtt.fd
File: t1lmtt.fd 2015/05/01 v1.6.1 Font defs for Latin Modern
)
Package microtype Info: Loading generic protrusion settings for font family
(microtype)             `lmtt' (encoding: T1).
(microtype)             For optimal results, create family-specific settings.
(microtype)             See the microtype manual for details.

Overfull \hbox (132.55334pt too wide) in paragraph at lines 186--186
[][] 
 []

Package microtype Info: tracking amount list `main.tex/186(29)' will
(microtype)             override list `main.tex/186(28)' for 
(microtype)             font `OT1////' on input line 186.

Overfull \hbox (2.12503pt too wide) has occurred while \output is active
[][] 
 []

[29

]
Overfull \hbox (2.12503pt too wide) in paragraph at lines 228--228
[][] 
 []

Package microtype Info: tracking amount list `main.tex/228' will
(microtype)             override list `main.tex/186(29)' for 
(microtype)             font `OT1////' on input line 228.

Overfull \hbox (16.44908pt too wide) in paragraph at lines 228--228
 [] 
 []


Overfull \hbox (132.55334pt too wide) in paragraph at lines 228--228
[][] 
 []

Package microtype Info: tracking amount list `main.tex/228(30)' will
(microtype)             override list `main.tex/228' for 
(microtype)             font `OT1////' on input line 228.

Overfull \hbox (2.12503pt too wide) has occurred while \output is active
[][] 
 []

[30

]
Overfull \hbox (2.12503pt too wide) in paragraph at lines 289--289
[][] 
 []

Package microtype Info: tracking amount list `main.tex/289' will
(microtype)             override list `main.tex/228(30)' for 
(microtype)             font `OT1////' on input line 289.

Overfull \hbox (132.55334pt too wide) in paragraph at lines 289--289
[][] 
 []

Package microtype Info: tracking amount list `main.tex/289(31)' will
(microtype)             override list `main.tex/289' for 
(microtype)             font `OT1////' on input line 289.

Overfull \hbox (2.12503pt too wide) has occurred while \output is active
[][] 
 []

[31

]) (./capitulos/06_resultados.tex
Overfull \hbox (2.12503pt too wide) in paragraph at lines 24--24
[][] 
 []

Package microtype Info: tracking amount list `main.tex/24(32)' will
(microtype)             override list `main.tex/289(31)' for 
(microtype)             font `OT1////' on input line 24.
(./Figures/diagrama_treinamento_resumo.tex)
Overfull \hbox (132.55334pt too wide) in paragraph at lines 24--24
[][] 
 []

Package microtype Info: tracking amount list `main.tex/24(33)' will
(microtype)             override list `main.tex/24(32)' for 
(microtype)             font `OT1////' on input line 24.

Overfull \hbox (2.12503pt too wide) has occurred while \output is active
[][] 
 []

[32

]
Overfull \hbox (2.12503pt too wide) in paragraph at lines 67--67
[][] 
 []

Package microtype Info: tracking amount list `main.tex/67(34)' will
(microtype)             override list `main.tex/24(33)' for 
(microtype)             font `OT1////' on input line 67.

Overfull \hbox (132.55334pt too wide) in paragraph at lines 67--67
[][] 
 []

Package microtype Info: tracking amount list `main.tex/67(35)' will
(microtype)             override list `main.tex/67(34)' for 
(microtype)             font `OT1////' on input line 67.

Overfull \hbox (2.12503pt too wide) has occurred while \output is active
[][] 
 []

[33

]
Overfull \hbox (2.12503pt too wide) in paragraph at lines 89--89
[][] 
 []

Package microtype Info: tracking amount list `main.tex/89' will
(microtype)             override list `main.tex/67(35)' for 
(microtype)             font `OT1////' on input line 89.
<Figures/results_pgie.png, id=246, 867.24pt x 433.62pt>
File: Figures/results_pgie.png Graphic file (type png)
<use Figures/results_pgie.png>
Package pdftex.def Info: Figures/results_pgie.png  used on input line 89.
(pdftex.def)             Requested size: 305.2456pt x 152.6228pt.

Overfull \hbox (132.55334pt too wide) in paragraph at lines 89--89
[][] 
 []

Package microtype Info: tracking amount list `main.tex/89(36)' will
(microtype)             override list `main.tex/89' for 
(microtype)             font `OT1////' on input line 89.

Overfull \hbox (2.12503pt too wide) has occurred while \output is active
[][] 
 []

[34

 <./Figures/results_pgie.png>]
Overfull \hbox (2.12503pt too wide) in paragraph at lines 121--121
[][] 
 []

Package microtype Info: tracking amount list `main.tex/121(37)' will
(microtype)             override list `main.tex/89(36)' for 
(microtype)             font `OT1////' on input line 121.
<Figures/confusion_matrix_pgie.png, id=254, 867.24pt x 650.43pt>
File: Figures/confusion_matrix_pgie.png Graphic file (type png)
<use Figures/confusion_matrix_pgie.png>
Package pdftex.def Info: Figures/confusion_matrix_pgie.png  used on input line 121.
(pdftex.def)             Requested size: 147.49501pt x 110.62126pt.
<Figures/PR_curve_pgie.png, id=255, 650.43pt x 433.62pt>
File: Figures/PR_curve_pgie.png Graphic file (type png)
<use Figures/PR_curve_pgie.png>
Package pdftex.def Info: Figures/PR_curve_pgie.png  used on input line 121.
(pdftex.def)             Requested size: 147.4917pt x 98.3278pt.

Overfull \hbox (132.55334pt too wide) in paragraph at lines 121--121
[][] 
 []

Package microtype Info: tracking amount list `main.tex/121(38)' will
(microtype)             override list `main.tex/121(37)' for 
(microtype)             font `OT1////' on input line 121.

Overfull \hbox (2.12503pt too wide) has occurred while \output is active
[][] 
 []

[35

 <./Figures/confusion_matrix_pgie.png> <./Figures/PR_curve_pgie.png>]
Overfull \hbox (2.12503pt too wide) in paragraph at lines 144--144
[][] 
 []

Package microtype Info: tracking amount list `main.tex/144' will
(microtype)             override list `main.tex/121(38)' for 
(microtype)             font `OT1////' on input line 144.
(./Figures/diagrama_sgie_epi_distribuicao.tex)
Overfull \hbox (132.55334pt too wide) in paragraph at lines 144--144
[][] 
 []

Package microtype Info: tracking amount list `main.tex/144(39)' will
(microtype)             override list `main.tex/144' for 
(microtype)             font `OT1////' on input line 144.

Overfull \hbox (2.12503pt too wide) has occurred while \output is active
[][] 
 []

[36

]
Overfull \hbox (2.12503pt too wide) in paragraph at lines 174--174
[][] 
 []

Package microtype Info: tracking amount list `main.tex/174' will
(microtype)             override list `main.tex/144(39)' for 
(microtype)             font `OT1////' on input line 174.
<Figures/confusion_matrix_sgie_epi.png, id=270, 867.24pt x 650.43pt>
File: Figures/confusion_matrix_sgie_epi.png Graphic file (type png)
<use Figures/confusion_matrix_sgie_epi.png>
Package pdftex.def Info: Figures/confusion_matrix_sgie_epi.png  used on input line 174.
(pdftex.def)             Requested size: 153.63513pt x 115.22633pt.
<Figures/PR_curve_sgie_epi.png, id=271, 650.43pt x 433.62pt>
File: Figures/PR_curve_sgie_epi.png Graphic file (type png)
<use Figures/PR_curve_sgie_epi.png>
Package pdftex.def Info: Figures/PR_curve_sgie_epi.png  used on input line 174.
(pdftex.def)             Requested size: 153.64505pt x 102.43002pt.

Overfull \hbox (132.55334pt too wide) in paragraph at lines 174--174
[][] 
 []

Package microtype Info: tracking amount list `main.tex/174(40)' will
(microtype)             override list `main.tex/174' for 
(microtype)             font `OT1////' on input line 174.

Overfull \hbox (2.12503pt too wide) has occurred while \output is active
[][] 
 []

[37

 <./Figures/confusion_matrix_sgie_epi.png> <./Figures/PR_curve_sgie_epi.png>]
Overfull \hbox (2.12503pt too wide) in paragraph at lines 205--205
[][] 
 []

Package microtype Info: tracking amount list `main.tex/205' will
(microtype)             override list `main.tex/174(40)' for 
(microtype)             font `OT1////' on input line 205.
<Figures/confusion_matrix_sgie_machinery.png, id=280, 867.24pt x 650.43pt>
File: Figures/confusion_matrix_sgie_machinery.png Graphic file (type png)
<use Figures/confusion_matrix_sgie_machinery.png>
Package pdftex.def Info: Figures/confusion_matrix_sgie_machinery.png  used on input line 205.
(pdftex.def)             Requested size: 153.63513pt x 115.22633pt.
<Figures/val_pred_sgie_machinery.jpg, id=281, 1927.2pt x 1104.125pt>
File: Figures/val_pred_sgie_machinery.jpg Graphic file (type jpg)
<use Figures/val_pred_sgie_machinery.jpg>
Package pdftex.def Info: Figures/val_pred_sgie_machinery.jpg  used on input line 205.
(pdftex.def)             Requested size: 153.62042pt x 88.01169pt.

Overfull \hbox (132.55334pt too wide) in paragraph at lines 205--205
[][] 
 []

Package microtype Info: tracking amount list `main.tex/205(41)' will
(microtype)             override list `main.tex/205' for 
(microtype)             font `OT1////' on input line 205.

Overfull \hbox (2.12503pt too wide) has occurred while \output is active
[][] 
 []

[38

 <./Figures/confusion_matrix_sgie_machinery.png> <./Figures/val_pred_sgie_machinery.jpg>]
Overfull \hbox (2.12503pt too wide) in paragraph at lines 236--236
[][] 
 []

Package microtype Info: tracking amount list `main.tex/236' will
(microtype)             override list `main.tex/205(41)' for 
(microtype)             font `OT1////' on input line 236.
<Figures/confusion_matrix_sgie_equipment.png, id=288, 867.24pt x 650.43pt>
File: Figures/confusion_matrix_sgie_equipment.png Graphic file (type png)
<use Figures/confusion_matrix_sgie_equipment.png>
Package pdftex.def Info: Figures/confusion_matrix_sgie_equipment.png  used on input line 236.
(pdftex.def)             Requested size: 153.63513pt x 115.22633pt.
<Figures/val_pred_sgie_equipment.jpg, id=289, 1927.2pt x 1104.125pt>
File: Figures/val_pred_sgie_equipment.jpg Graphic file (type jpg)
<use Figures/val_pred_sgie_equipment.jpg>
Package pdftex.def Info: Figures/val_pred_sgie_equipment.jpg  used on input line 236.
(pdftex.def)             Requested size: 238.84094pt x 136.83595pt.

Overfull \hbox (132.55334pt too wide) in paragraph at lines 236--236
[][] 
 []


Overfull \vbox (7.11107pt too high) detected at line 236
 []

Package microtype Info: tracking amount list `main.tex/236(42)' will
(microtype)             override list `main.tex/236' for 
(microtype)             font `OT1////' on input line 236.

Overfull \hbox (2.12503pt too wide) has occurred while \output is active
[][] 
 []

[39

 <./Figures/confusion_matrix_sgie_equipment.png> <./Figures/val_pred_sgie_equipment.jpg>]
Overfull \hbox (2.12503pt too wide) in paragraph at lines 310--310
[][] 
 []

Package microtype Info: tracking amount list `main.tex/310' will
(microtype)             override list `main.tex/236(42)' for 
(microtype)             font `OT1////' on input line 310.

Overfull \hbox (132.55334pt too wide) in paragraph at lines 310--310
[][] 
 []

Package microtype Info: tracking amount list `main.tex/310(43)' will
(microtype)             override list `main.tex/310' for 
(microtype)             font `OT1////' on input line 310.

Overfull \hbox (2.12503pt too wide) has occurred while \output is active
[][] 
 []

[40

]
Overfull \hbox (2.12503pt too wide) in paragraph at lines 391--391
[][] 
 []

Package microtype Info: tracking amount list `main.tex/391' will
(microtype)             override list `main.tex/310(43)' for 
(microtype)             font `OT1////' on input line 391.

Overfull \hbox (132.55334pt too wide) in paragraph at lines 391--391
[][] 
 []

Package microtype Info: tracking amount list `main.tex/391(44)' will
(microtype)             override list `main.tex/391' for 
(microtype)             font `OT1////' on input line 391.

Overfull \hbox (2.12503pt too wide) has occurred while \output is active
[][] 
 []

[41

]
Overfull \hbox (2.12503pt too wide) in paragraph at lines 423--423
[][] 
 []

Package microtype Info: tracking amount list `main.tex/423' will
(microtype)             override list `main.tex/391(44)' for 
(microtype)             font `OT1////' on input line 423.
(./Figures/diagrama_end_to_end.tex
LaTeX Font Info:    Font shape `T1/lmss/bx/it' in size <10> not available
(Font)              Font shape `T1/lmss/bx/sl' tried instead on input line 125.
)
Overfull \hbox (132.55334pt too wide) in paragraph at lines 423--423
[][] 
 []

Package microtype Info: tracking amount list `main.tex/423(45)' will
(microtype)             override list `main.tex/423' for 
(microtype)             font `OT1////' on input line 423.

Overfull \hbox (2.12503pt too wide) has occurred while \output is active
[][] 
 []

[42

]
Overfull \hbox (2.12503pt too wide) in paragraph at lines 485--485
[][] 
 []

Package microtype Info: tracking amount list `main.tex/485' will
(microtype)             override list `main.tex/423(45)' for 
(microtype)             font `OT1////' on input line 485.
LaTeX Font Info:    Calculating math sizes for size <16> on input line 485.
LaTeX Font Info:    External font `lmex10' loaded for size
(Font)              <16> on input line 485.
LaTeX Font Info:    External font `lmex10' loaded for size
(Font)              <11.19995> on input line 485.

Overfull \hbox (132.55334pt too wide) in paragraph at lines 485--485
[][] 
 []

Package microtype Info: tracking amount list `main.tex/485(46)' will
(microtype)             override list `main.tex/485' for 
(microtype)             font `OT1////' on input line 485.

Overfull \hbox (2.12503pt too wide) has occurred while \output is active
[][] 
 []

[43

]
Overfull \hbox (2.12503pt too wide) in paragraph at lines 512--512
[][] 
 []

Package microtype Info: tracking amount list `main.tex/512' will
(microtype)             override list `main.tex/485(46)' for 
(microtype)             font `OT1////' on input line 512.
File: Figures/val_pred_sgie_equipment.jpg Graphic file (type jpg)
<use Figures/val_pred_sgie_equipment.jpg>
Package pdftex.def Info: Figures/val_pred_sgie_equipment.jpg  used on input line 512.
(pdftex.def)             Requested size: 252.60326pt x 144.72061pt.
File: Figures/val_pred_sgie_machinery.jpg Graphic file (type jpg)
<use Figures/val_pred_sgie_machinery.jpg>
Package pdftex.def Info: Figures/val_pred_sgie_machinery.jpg  used on input line 512.
(pdftex.def)             Requested size: 252.60326pt x 144.72061pt.

Overfull \hbox (132.55334pt too wide) in paragraph at lines 512--512
[][] 
 []

Package microtype Info: tracking amount list `main.tex/512(47)' will
(microtype)             override list `main.tex/512' for 
(microtype)             font `OT1////' on input line 512.

Overfull \hbox (2.12503pt too wide) has occurred while \output is active
[][] 
 []

[44

]) (./capitulos/07_conclusao.tex
Overfull \hbox (2.12503pt too wide) in paragraph at lines 81--81
[][] 
 []

Package microtype Info: tracking amount list `main.tex/81' will
(microtype)             override list `main.tex/512(47)' for 
(microtype)             font `OT1////' on input line 81.

Overfull \hbox (132.55334pt too wide) in paragraph at lines 81--81
[][] 
 []

Package microtype Info: tracking amount list `main.tex/81(48)' will
(microtype)             override list `main.tex/81' for 
(microtype)             font `OT1////' on input line 81.

Overfull \hbox (2.12503pt too wide) has occurred while \output is active
[][] 
 []

[45

]
Overfull \hbox (2.12503pt too wide) in paragraph at lines 100--100
[][] 
 []

Package microtype Info: tracking amount list `main.tex/100(49)' will
(microtype)             override list `main.tex/81(48)' for 
(microtype)             font `OT1////' on input line 100.
(./Figures/diagrama_objetivos_atingidos.tex)
Overfull \hbox (132.55334pt too wide) in paragraph at lines 100--100
[][] 
 []

Package microtype Info: tracking amount list `main.tex/100(50)' will
(microtype)             override list `main.tex/100(49)' for 
(microtype)             font `OT1////' on input line 100.

Overfull \hbox (2.12503pt too wide) has occurred while \output is active
[][] 
 []

[46

]
Overfull \hbox (2.12503pt too wide) in paragraph at lines 130--130
[][] 
 []

Package microtype Info: tracking amount list `main.tex/130' will
(microtype)             override list `main.tex/100(50)' for 
(microtype)             font `OT1////' on input line 130.

Overfull \hbox (132.55334pt too wide) in paragraph at lines 130--130
[][] 
 []

Package microtype Info: tracking amount list `main.tex/130(51)' will
(microtype)             override list `main.tex/130' for 
(microtype)             font `OT1////' on input line 130.

Overfull \hbox (2.12503pt too wide) has occurred while \output is active
[][] 
 []

[47

]
Overfull \hbox (2.12503pt too wide) in paragraph at lines 191--191
[][] 
 []

Package microtype Info: tracking amount list `main.tex/191' will
(microtype)             override list `main.tex/130(51)' for 
(microtype)             font `OT1////' on input line 191.

Overfull \hbox (132.55334pt too wide) in paragraph at lines 191--191
[][] 
 []

Package microtype Info: tracking amount list `main.tex/191(52)' will
(microtype)             override list `main.tex/191' for 
(microtype)             font `OT1////' on input line 191.

Overfull \hbox (2.12503pt too wide) has occurred while \output is active
[][] 
 []

[48

]
Package microtype Info: tracking amount list `main.tex/220' will
(microtype)             override list `main.tex/191(52)' for 
(microtype)             font `OT1////' on input line 220.
 [49

])
\tf@nav=\write6
\openout6 = `main.nav'.

\tf@toc=\write7
\openout7 = `main.toc'.

\tf@snm=\write8
\openout8 = `main.snm'.

 (./main.aux)
 ***********
LaTeX2e <2025-11-01>
L3 programming layer <2026-01-19>
 ***********
Package rerunfilecheck Info: File `main.out' has not changed.
(rerunfilecheck)             Checksum: 2FE02A4BEE3560E606FA104950ECC6ED;899.
 ) 
Here is how much of TeX's memory you used:
 45213 strings out of 469515
 1035165 string characters out of 5469774
 1545658 words of memory out of 5000000
 72525 multiletter control sequences out of 15000+600000
 838247 words of font info for 320 fonts, out of 8000000 for 9000
 14 hyphenation exceptions out of 8191
 101i,20n,107p,1001b,2407s stack positions out of 10000i,1000n,20000p,200000b,200000s
</home/wslasus/.TinyTeX/texmf-dist/fonts/type1/public/lm/lmbsy10.pfb></home/wslasus/.TinyTeX/texmf-dist/fonts/type1/public/lm/lmmi10.pfb></home/wslasus/.TinyTeX/texmf-dist/fonts/type1/public/lm/lmmi12.pfb></home/wslasus/.TinyTeX/texmf-dist/fonts/type1/public/lm/lmmi5.pfb></home/wslasus/.TinyTeX/texmf-dist/fonts/type1/public/lm/lmmi6.pfb></home/wslasus/.TinyTeX/texmf-dist/fonts/type1/public/lm/lmmi8.pfb></home/wslasus/.TinyTeX/texmf-dist/fonts/type1/public/lm/lmmi9.pfb></home/wslasus/.TinyTeX/texmf-dist/fonts/type1/public/lm/lmr8.pfb></home/wslasus/.TinyTeX/texmf-dist/fonts/type1/public/lm/lmr9.pfb></home/wslasus/.TinyTeX/texmf-dist/fonts/type1/public/lm/lmss10.pfb></home/wslasus/.TinyTeX/texmf-dist/fonts/type1/public/lm/lmss12.pfb></home/wslasus/.TinyTeX/texmf-dist/fonts/type1/public/lm/lmss8.pfb></home/wslasus/.TinyTeX/texmf-dist/fonts/type1/public/lm/lmss9.pfb></home/wslasus/.TinyTeX/texmf-dist/fonts/type1/public/lm/lmssbo10.pfb></home/wslasus/.TinyTeX/texmf-dist/fonts/type1/public/lm/lmssbx10.pfb></home/wslasus/.TinyTeX/texmf-dist/fonts/type1/public/lm/lmsso10.pfb></home/wslasus/.TinyTeX/texmf-dist/fonts/type1/public/lm/lmsso8.pfb></home/wslasus/.TinyTeX/texmf-dist/fonts/type1/public/lm/lmsso9.pfb></home/wslasus/.TinyTeX/texmf-dist/fonts/type1/public/lm/lmsy10.pfb></home/wslasus/.TinyTeX/texmf-dist/fonts/type1/public/lm/lmsy6.pfb></home/wslasus/.TinyTeX/texmf-dist/fonts/type1/public/lm/lmsy7.pfb></home/wslasus/.TinyTeX/texmf-dist/fonts/type1/public/lm/lmsy8.pfb></home/wslasus/.TinyTeX/texmf-dist/fonts/type1/public/lm/lmsy9.pfb></home/wslasus/.TinyTeX/texmf-dist/fonts/type1/public/lm/lmtt8.pfb></home/wslasus/.TinyTeX/texmf-dist/fonts/type1/public/amsfonts/symbols/msam10.pfb></home/wslasus/.TinyTeX/texmf-dist/fonts/type1/urw/helvetic/uhvb8a.pfb>
Output written on main.pdf (49 pages, 4068708 bytes).
PDF statistics:
 490 PDF objects out of 1000 (max. 8388607)
 356 compressed objects within 4 object streams
 107 named destinations out of 1000 (max. 500000)
 123057 words of extra memory for PDF output out of 128383 (max. 10000000)

